<?xml version="1.0" encoding="UTF-8"?>
<robot generator="Robot 7.1.1 (Python 3.13.1 on win32)" generated="2025-02-13T08:40:04.641085" rpa="false" schemaversion="5">
<suite id="s1" name="Pharmacy" source="C:\Users\User\Documents\Greenlife-pharmacy(stockpilot)\pharmacy.robot">
<test id="s1-t1" name="Scenario: Login as Pharmacist in GreenLife" line="5">
<kw name="Given User Test Website">
<kw name="User Opens Browser and Go to URL" owner="keywords">
<kw name="Open Browser" owner="SeleniumLibrary">
<msg time="2025-02-13T08:40:06.529291" level="INFO">Opening browser 'chrome' to base url 'https://warehouse-stg.greenlifeclinics.com.au/login'.</msg>
<arg>${url}</arg>
<arg>${browser}</arg>
<doc>Opens a new browser instance to the optional ``url``.</doc>
<status status="PASS" start="2025-02-13T08:40:06.528794" elapsed="4.487270"/>
</kw>
<kw name="Maximize Browser Window" owner="SeleniumLibrary">
<doc>Maximizes current browser window.</doc>
<status status="PASS" start="2025-02-13T08:40:11.016497" elapsed="0.055515"/>
</kw>
<kw name="Sleep" owner="BuiltIn">
<msg time="2025-02-13T08:40:14.073358" level="INFO">Slept 3 seconds.</msg>
<arg>3s</arg>
<doc>Pauses the test executed for the given time.</doc>
<status status="PASS" start="2025-02-13T08:40:11.072339" elapsed="3.001291"/>
</kw>
<status status="PASS" start="2025-02-13T08:40:06.526960" elapsed="7.547023"/>
</kw>
<status status="PASS" start="2025-02-13T08:40:06.526153" elapsed="7.548087"/>
</kw>
<kw name="And Switch Account">
<kw name="User Switch Account" owner="keywords">
<kw name="Click Button" owner="SeleniumLibrary">
<msg time="2025-02-13T08:40:14.077598" level="INFO">Clicking button '//*[@id="__next"]/div[4]/div/div/div/div/div/div/div[2]/div/button'.</msg>
<arg>//*[@id="__next"]/div[4]/div/div/div/div/div/div/div[2]/div/button</arg>
<doc>Clicks the button identified by ``locator``.</doc>
<status status="PASS" start="2025-02-13T08:40:14.076537" elapsed="0.261014"/>
</kw>
<kw name="Sleep" owner="BuiltIn">
<msg time="2025-02-13T08:40:17.338909" level="INFO">Slept 3 seconds.</msg>
<arg>3s</arg>
<doc>Pauses the test executed for the given time.</doc>
<status status="PASS" start="2025-02-13T08:40:14.337990" elapsed="3.001164"/>
</kw>
<status status="PASS" start="2025-02-13T08:40:14.075831" elapsed="3.263600"/>
</kw>
<status status="PASS" start="2025-02-13T08:40:14.075004" elapsed="3.264600"/>
</kw>
<kw name="And Return to Login Page">
<kw name="User Return" owner="keywords">
<kw name="Click Button" owner="SeleniumLibrary">
<msg time="2025-02-13T08:40:17.342121" level="INFO">Clicking button '//*[@id="__next"]/div[5]/div/div[3]/button'.</msg>
<arg>//*[@id="__next"]/div[5]/div/div[3]/button</arg>
<doc>Clicks the button identified by ``locator``.</doc>
<status status="PASS" start="2025-02-13T08:40:17.341682" elapsed="0.181424"/>
</kw>
<kw name="Sleep" owner="BuiltIn">
<msg time="2025-02-13T08:40:20.524318" level="INFO">Slept 3 seconds.</msg>
<arg>3s</arg>
<doc>Pauses the test executed for the given time.</doc>
<status status="PASS" start="2025-02-13T08:40:17.523389" elapsed="3.001157"/>
</kw>
<status status="PASS" start="2025-02-13T08:40:17.340997" elapsed="3.183813"/>
</kw>
<status status="PASS" start="2025-02-13T08:40:17.340250" elapsed="3.184706"/>
</kw>
<kw name="And Click Password or Pin Code">
<kw name="Use Password or Pin Code" owner="keywords">
<kw name="Click Element" owner="SeleniumLibrary">
<msg time="2025-02-13T08:40:20.527860" level="INFO">Clicking element '//*[@id="__next"]/div[4]/div/div/div/div/div/div/div[3]/div/div[2]/div[1]/div/div/label/div[1]'.</msg>
<arg>//*[@id="__next"]/div[4]/div/div/div/div/div/div/div[3]/div/div[2]/div[1]/div/div/label/div[1]</arg>
<doc>Click the element identified by ``locator``.</doc>
<status status="PASS" start="2025-02-13T08:40:20.527329" elapsed="0.209455"/>
</kw>
<kw name="Sleep" owner="BuiltIn">
<msg time="2025-02-13T08:40:23.737990" level="INFO">Slept 3 seconds.</msg>
<arg>3s</arg>
<doc>Pauses the test executed for the given time.</doc>
<status status="PASS" start="2025-02-13T08:40:20.737231" elapsed="3.000972"/>
</kw>
<kw name="Click Element" owner="SeleniumLibrary">
<msg time="2025-02-13T08:40:23.738965" level="INFO">Clicking element '//*[@id="__next"]/div[4]/div/div/div/div/div/div/div[3]/div/div[2]/div[1]/div/div/label/div[1]'.</msg>
<arg>//*[@id="__next"]/div[4]/div/div/div/div/div/div/div[3]/div/div[2]/div[1]/div/div/label/div[1]</arg>
<doc>Click the element identified by ``locator``.</doc>
<status status="PASS" start="2025-02-13T08:40:23.738577" elapsed="0.144549"/>
</kw>
<kw name="Sleep" owner="BuiltIn">
<msg time="2025-02-13T08:40:26.884711" level="INFO">Slept 3 seconds.</msg>
<arg>3s</arg>
<doc>Pauses the test executed for the given time.</doc>
<status status="PASS" start="2025-02-13T08:40:23.883590" elapsed="3.001410"/>
</kw>
<status status="PASS" start="2025-02-13T08:40:20.526639" elapsed="6.358605"/>
</kw>
<status status="PASS" start="2025-02-13T08:40:20.525787" elapsed="6.359570"/>
</kw>
<kw name="And User Input Username and Password">
<kw name="User Login" owner="keywords">
<kw name="Input Text" owner="SeleniumLibrary">
<msg time="2025-02-13T08:40:26.887767" level="INFO">Typing text 'robina@stockpilot.com' into text field 'name: email'.</msg>
<arg>name: email</arg>
<arg>${username}</arg>
<doc>Types the given ``text`` into the text field identified by ``locator``.</doc>
<status status="PASS" start="2025-02-13T08:40:26.887242" elapsed="0.402537"/>
</kw>
<kw name="Sleep" owner="BuiltIn">
<msg time="2025-02-13T08:40:30.290829" level="INFO">Slept 3 seconds.</msg>
<arg>3s</arg>
<doc>Pauses the test executed for the given time.</doc>
<status status="PASS" start="2025-02-13T08:40:27.290268" elapsed="3.000748"/>
</kw>
<kw name="Input Text" owner="SeleniumLibrary">
<msg time="2025-02-13T08:40:30.291891" level="INFO">Typing text 'Ph@rm@cyP@s$w0rd!123' into text field 'name: password'.</msg>
<arg>name: password</arg>
<arg>${password}</arg>
<doc>Types the given ``text`` into the text field identified by ``locator``.</doc>
<status status="PASS" start="2025-02-13T08:40:30.291403" elapsed="0.386500"/>
</kw>
<kw name="Sleep" owner="BuiltIn">
<msg time="2025-02-13T08:40:33.678753" level="INFO">Slept 3 seconds.</msg>
<arg>3s</arg>
<doc>Pauses the test executed for the given time.</doc>
<status status="PASS" start="2025-02-13T08:40:30.678193" elapsed="3.000764"/>
</kw>
<kw name="Click Element" owner="SeleniumLibrary">
<msg time="2025-02-13T08:40:33.679828" level="INFO">Clicking element '//*[@id="__next"]/div[4]/div/div/div/div/div/div/div[3]/div/div[2]/div[2]/div/div/div[2]'.</msg>
<arg>//*[@id="__next"]/div[4]/div/div/div/div/div/div/div[3]/div/div[2]/div[2]/div/div/div[2]</arg>
<doc>Click the element identified by ``locator``.</doc>
<status status="PASS" start="2025-02-13T08:40:33.679384" elapsed="0.164069"/>
</kw>
<kw name="Sleep" owner="BuiltIn">
<msg time="2025-02-13T08:40:36.845223" level="INFO">Slept 3 seconds.</msg>
<arg>3s</arg>
<doc>Pauses the test executed for the given time.</doc>
<status status="PASS" start="2025-02-13T08:40:33.844253" elapsed="3.001283"/>
</kw>
<kw name="Click Element" owner="SeleniumLibrary">
<msg time="2025-02-13T08:40:36.846398" level="INFO">Clicking element '//*[@id="__next"]/div[4]/div/div/div/div/div/div/div[3]/div/div[2]/div[2]/div/div/div[2]'.</msg>
<arg>//*[@id="__next"]/div[4]/div/div/div/div/div/div/div[3]/div/div[2]/div[2]/div/div/div[2]</arg>
<doc>Click the element identified by ``locator``.</doc>
<status status="PASS" start="2025-02-13T08:40:36.845951" elapsed="0.154449"/>
</kw>
<kw name="Sleep" owner="BuiltIn">
<msg time="2025-02-13T08:40:40.001499" level="INFO">Slept 3 seconds.</msg>
<arg>3s</arg>
<doc>Pauses the test executed for the given time.</doc>
<status status="PASS" start="2025-02-13T08:40:37.000856" elapsed="3.000869"/>
</kw>
<status status="PASS" start="2025-02-13T08:40:26.886738" elapsed="13.115236"/>
</kw>
<status status="PASS" start="2025-02-13T08:40:26.885967" elapsed="13.116169"/>
</kw>
<kw name="And User Select Keep me Signed In">
<kw name="Click Keep me Signed In" owner="keywords">
<kw name="Select Checkbox" owner="SeleniumLibrary">
<msg time="2025-02-13T08:40:40.004362" level="INFO">Selecting checkbox '//*[@id="__next"]/div[4]/div/div/div/div/div/div/div[3]/div/div[3]/div[1]/label/input'.</msg>
<arg>//*[@id="__next"]/div[4]/div/div/div/div/div/div/div[3]/div/div[3]/div[1]/label/input</arg>
<doc>Selects the checkbox identified by ``locator``.</doc>
<status status="PASS" start="2025-02-13T08:40:40.004071" elapsed="0.186852"/>
</kw>
<kw name="Sleep" owner="BuiltIn">
<msg time="2025-02-13T08:40:43.191806" level="INFO">Slept 3 seconds.</msg>
<arg>3s</arg>
<doc>Pauses the test executed for the given time.</doc>
<status status="PASS" start="2025-02-13T08:40:40.191237" elapsed="3.000784"/>
</kw>
<status status="PASS" start="2025-02-13T08:40:40.003328" elapsed="3.188915"/>
</kw>
<status status="PASS" start="2025-02-13T08:40:40.002746" elapsed="3.189625"/>
</kw>
<kw name="And User Click Sign In">
<kw name="Click Sign In" owner="keywords">
<kw name="Click Button" owner="SeleniumLibrary">
<msg time="2025-02-13T08:40:43.194705" level="INFO">Clicking button '//*[@id="__next"]/div[4]/div/div/div/div/div/div/div[3]/div/div[4]/button'.</msg>
<arg>//*[@id="__next"]/div[4]/div/div/div/div/div/div/div[3]/div/div[4]/button</arg>
<doc>Clicks the button identified by ``locator``.</doc>
<status status="PASS" start="2025-02-13T08:40:43.194286" elapsed="0.203855"/>
</kw>
<kw name="Sleep" owner="BuiltIn">
<msg time="2025-02-13T08:40:53.399418" level="INFO">Slept 10 seconds.</msg>
<arg>10s</arg>
<doc>Pauses the test executed for the given time.</doc>
<status status="PASS" start="2025-02-13T08:40:43.398708" elapsed="10.000964"/>
</kw>
<status status="PASS" start="2025-02-13T08:40:43.193678" elapsed="10.206233"/>
</kw>
<status status="PASS" start="2025-02-13T08:40:43.192937" elapsed="10.207267"/>
</kw>
<kw name="And User Click Recent Prescription Orders">
<kw name="Recent Prescription Orders" owner="keywords">
<kw name="Numerify" owner="FakerLibrary">
<msg time="2025-02-13T08:40:53.404164" level="INFO">${randomQty} = 23</msg>
<var>${randomQty}</var>
<arg>$$</arg>
<doc>Generate a string with each placeholder in ``text`` replaced according
to the following rules:</doc>
<status status="PASS" start="2025-02-13T08:40:53.402983" elapsed="0.001278"/>
</kw>
<kw name="Execute Javascript" owner="SeleniumLibrary">
<msg time="2025-02-13T08:40:53.405447" level="INFO">Executing JavaScript:
window.scroll(0, 200)
Without any arguments.</msg>
<arg>window.scroll(0, 200)</arg>
<doc>Executes the given JavaScript code with possible arguments.</doc>
<status status="PASS" start="2025-02-13T08:40:53.404620" elapsed="0.019236"/>
</kw>
<kw name="Sleep" owner="BuiltIn">
<msg time="2025-02-13T08:40:56.425033" level="INFO">Slept 3 seconds.</msg>
<arg>3s</arg>
<doc>Pauses the test executed for the given time.</doc>
<status status="PASS" start="2025-02-13T08:40:53.424227" elapsed="3.001033"/>
</kw>
<kw name="Click Element" owner="SeleniumLibrary">
<msg time="2025-02-13T08:40:56.425984" level="INFO">Clicking element '//*[@id="__next"]/div[4]/div[1]/div/main/div/div/div[3]/div[5]/div[1]/table/tbody/tr[1]/td[3]/form/select'.</msg>
<arg>//*[@id="__next"]/div[4]/div[1]/div/main/div/div/div[3]/div[5]/div[1]/table/tbody/tr[1]/td[3]/form/select</arg>
<doc>Click the element identified by ``locator``.</doc>
<status status="PASS" start="2025-02-13T08:40:56.425665" elapsed="0.199292"/>
</kw>
<kw name="Click Element" owner="SeleniumLibrary">
<msg time="2025-02-13T08:40:56.626120" level="INFO">Clicking element '//*[@id="__next"]/div[4]/div[1]/div/main/div/div/div[3]/div[5]/div[1]/table/tbody/tr[1]/td[3]/form/select/option[3]'.</msg>
<arg>//*[@id="__next"]/div[4]/div[1]/div/main/div/div/div[3]/div[5]/div[1]/table/tbody/tr[1]/td[3]/form/select/option[3]</arg>
<doc>Click the element identified by ``locator``.</doc>
<status status="PASS" start="2025-02-13T08:40:56.625445" elapsed="0.125159"/>
</kw>
<kw name="Sleep" owner="BuiltIn">
<msg time="2025-02-13T08:41:01.752069" level="INFO">Slept 5 seconds.</msg>
<arg>5s</arg>
<doc>Pauses the test executed for the given time.</doc>
<status status="PASS" start="2025-02-13T08:40:56.751262" elapsed="5.001009"/>
</kw>
<kw name="Click Element" owner="SeleniumLibrary">
<msg time="2025-02-13T08:41:01.752875" level="INFO">Clicking element '//*[@id="__next"]/div[4]/div[1]/div/main/div/div/div[3]/div[5]/div[1]/table/tbody/tr[1]/td[1]/div/div[1]'.</msg>
<arg>//*[@id="__next"]/div[4]/div[1]/div/main/div/div/div[3]/div[5]/div[1]/table/tbody/tr[1]/td[1]/div/div[1]</arg>
<doc>Click the element identified by ``locator``.</doc>
<status status="PASS" start="2025-02-13T08:41:01.752590" elapsed="0.127242"/>
</kw>
<kw name="Sleep" owner="BuiltIn">
<msg time="2025-02-13T08:41:04.881047" level="INFO">Slept 3 seconds.</msg>
<arg>3s</arg>
<doc>Pauses the test executed for the given time.</doc>
<status status="PASS" start="2025-02-13T08:41:01.880187" elapsed="3.001185"/>
</kw>
<kw name="Click Element" owner="SeleniumLibrary">
<msg time="2025-02-13T08:41:04.882487" level="INFO">Clicking element '//*[@id="__next"]/div[4]/div[1]/div/main/div/div/div[3]/div[5]/div[1]/table/tbody/tr[2]/td/div/table/tbody/tr/td[1]/p/div/div/button/div'.</msg>
<arg>//*[@id="__next"]/div[4]/div[1]/div/main/div/div/div[3]/div[5]/div[1]/table/tbody/tr[2]/td/div/table/tbody/tr/td[1]/p/div/div/button/div</arg>
<doc>Click the element identified by ``locator``.</doc>
<status status="PASS" start="2025-02-13T08:41:04.881970" elapsed="0.336582"/>
</kw>
<kw name="Sleep" owner="BuiltIn">
<msg time="2025-02-13T08:41:10.220135" level="INFO">Slept 5 seconds.</msg>
<arg>5s</arg>
<doc>Pauses the test executed for the given time.</doc>
<status status="PASS" start="2025-02-13T08:41:05.219142" elapsed="5.001217"/>
</kw>
<kw name="Click Element" owner="SeleniumLibrary">
<msg time="2025-02-13T08:41:10.221221" level="INFO">Clicking element '//*[@id="__next"]/div[4]/div[1]/div/main/div/div/div[3]/div[1]/div/div/div/div/div/div[2]/div/div/div/button'.</msg>
<arg>//*[@id="__next"]/div[4]/div[1]/div/main/div/div/div[3]/div[1]/div/div/div/div/div/div[2]/div/div/div/button</arg>
<doc>Click the element identified by ``locator``.</doc>
<status status="PASS" start="2025-02-13T08:41:10.220770" elapsed="0.194610"/>
</kw>
<kw name="Sleep" owner="BuiltIn">
<msg time="2025-02-13T08:41:13.416408" level="INFO">Slept 3 seconds.</msg>
<arg>3s</arg>
<doc>Pauses the test executed for the given time.</doc>
<status status="PASS" start="2025-02-13T08:41:10.415839" elapsed="3.000752"/>
</kw>
<kw name="Click Element" owner="SeleniumLibrary">
<msg time="2025-02-13T08:41:13.417298" level="INFO">Clicking element '//*[@id="__next"]/div[4]/div[1]/div/main/div/div/div[3]/div[5]/div[1]/table/tbody/tr[2]/td/div/table/tbody/tr/td[2]'.</msg>
<arg>//*[@id="__next"]/div[4]/div[1]/div/main/div/div/div[3]/div[5]/div[1]/table/tbody/tr[2]/td/div/table/tbody/tr/td[2]</arg>
<doc>Click the element identified by ``locator``.</doc>
<status status="PASS" start="2025-02-13T08:41:13.416904" elapsed="0.189596"/>
</kw>
<kw name="Sleep" owner="BuiltIn">
<msg time="2025-02-13T08:41:16.608016" level="INFO">Slept 3 seconds.</msg>
<arg>3s</arg>
<doc>Pauses the test executed for the given time.</doc>
<status status="PASS" start="2025-02-13T08:41:13.606977" elapsed="3.001269"/>
</kw>
<kw name="Click Element" owner="SeleniumLibrary">
<msg time="2025-02-13T08:41:16.609135" level="INFO">Clicking element '//*[@id="__next"]/div[4]/div[1]/div/main/div/div/div[3]/div[4]/div/div/form/div/div[2]/div/button'.</msg>
<arg>//*[@id="__next"]/div[4]/div[1]/div/main/div/div/div[3]/div[4]/div/div/form/div/div[2]/div/button</arg>
<doc>Click the element identified by ``locator``.</doc>
<status status="PASS" start="2025-02-13T08:41:16.608731" elapsed="0.178086"/>
</kw>
<kw name="Sleep" owner="BuiltIn">
<msg time="2025-02-13T08:41:19.787745" level="INFO">Slept 3 seconds.</msg>
<arg>3s</arg>
<doc>Pauses the test executed for the given time.</doc>
<status status="PASS" start="2025-02-13T08:41:16.787209" elapsed="3.000802"/>
</kw>
<kw name="Click Element" owner="SeleniumLibrary">
<msg time="2025-02-13T08:41:19.789196" level="INFO">Clicking element '//*[@id="__next"]/div[4]/div[1]/div/main/div/div/div[3]/div[5]/div[1]/table/tbody/tr[2]/td/div/table/tbody/tr/td[2]'.</msg>
<arg>//*[@id="__next"]/div[4]/div[1]/div/main/div/div/div[3]/div[5]/div[1]/table/tbody/tr[2]/td/div/table/tbody/tr/td[2]</arg>
<doc>Click the element identified by ``locator``.</doc>
<status status="PASS" start="2025-02-13T08:41:19.788471" elapsed="0.197271"/>
</kw>
<kw name="Sleep" owner="BuiltIn">
<msg time="2025-02-13T08:41:22.987457" level="INFO">Slept 3 seconds.</msg>
<arg>3s</arg>
<doc>Pauses the test executed for the given time.</doc>
<status status="PASS" start="2025-02-13T08:41:19.986117" elapsed="3.001627"/>
</kw>
<kw name="Click Element" owner="SeleniumLibrary">
<msg time="2025-02-13T08:41:22.988824" level="INFO">Clicking element '//*[@id="__next"]/div[4]/div[1]/div/main/div/div/div[3]/div[4]/div/div/form/div/div[1]/div/textarea'.</msg>
<arg>//*[@id="__next"]/div[4]/div[1]/div/main/div/div/div[3]/div[4]/div/div/form/div/div[1]/div/textarea</arg>
<doc>Click the element identified by ``locator``.</doc>
<status status="PASS" start="2025-02-13T08:41:22.988225" elapsed="0.153631"/>
</kw>
<kw name="Press Keys" owner="SeleniumLibrary">
<msg time="2025-02-13T08:41:23.144037" level="INFO">Sending key(s) ('CTRL+A',) to page.</msg>
<msg time="2025-02-13T08:41:23.144470" level="INFO">Pressing special key CONTROL down.</msg>
<msg time="2025-02-13T08:41:23.144610" level="INFO">Sending key A</msg>
<msg time="2025-02-13T08:41:23.144719" level="INFO">Releasing special key CONTROL.</msg>
<arg>NONE</arg>
<arg>CTRL+A</arg>
<doc>Simulates the user pressing key(s) to an element or on the active browser.</doc>
<status status="PASS" start="2025-02-13T08:41:23.142559" elapsed="0.034182"/>
</kw>
<kw name="Press Keys" owner="SeleniumLibrary">
<msg time="2025-02-13T08:41:23.178020" level="INFO">Sending key(s) ('BACKSPACE',) to page.</msg>
<msg time="2025-02-13T08:41:23.178190" level="INFO">Pressing special key BACKSPACE to browser.</msg>
<msg time="2025-02-13T08:41:23.178261" level="INFO">Releasing special key BACKSPACE.</msg>
<arg>NONE</arg>
<arg>BACKSPACE</arg>
<doc>Simulates the user pressing key(s) to an element or on the active browser.</doc>
<status status="PASS" start="2025-02-13T08:41:23.177251" elapsed="0.017306"/>
</kw>
<kw name="Input Text" owner="SeleniumLibrary">
<msg time="2025-02-13T08:41:23.195779" level="INFO">Typing text 'this is a test' into text field '//*[@id="__next"]/div[4]/div[1]/div/main/div/div/div[3]/div[4]/div/div/form/div/div[1]/div/textarea'.</msg>
<arg>//*[@id="__next"]/div[4]/div[1]/div/main/div/div/div[3]/div[4]/div/div/form/div/div[1]/div/textarea</arg>
<arg>${description}</arg>
<doc>Types the given ``text`` into the text field identified by ``locator``.</doc>
<status status="PASS" start="2025-02-13T08:41:23.195144" elapsed="0.202677"/>
</kw>
<kw name="Sleep" owner="BuiltIn">
<msg time="2025-02-13T08:41:28.399004" level="INFO">Slept 5 seconds.</msg>
<arg>5s</arg>
<doc>Pauses the test executed for the given time.</doc>
<status status="PASS" start="2025-02-13T08:41:23.398306" elapsed="5.001052"/>
</kw>
<kw name="Click Element" owner="SeleniumLibrary">
<msg time="2025-02-13T08:41:28.400278" level="INFO">Clicking element '//*[@id="__next"]/div[4]/div[1]/div/main/div/div/div[3]/div[4]/div/div/form/div/div[2]/button'.</msg>
<arg>//*[@id="__next"]/div[4]/div[1]/div/main/div/div/div[3]/div[4]/div/div/form/div/div[2]/button</arg>
<doc>Click the element identified by ``locator``.</doc>
<status status="PASS" start="2025-02-13T08:41:28.399879" elapsed="0.169397"/>
</kw>
<kw name="Sleep" owner="BuiltIn">
<msg time="2025-02-13T08:41:33.571035" level="INFO">Slept 5 seconds.</msg>
<arg>5s</arg>
<doc>Pauses the test executed for the given time.</doc>
<status status="PASS" start="2025-02-13T08:41:28.570193" elapsed="5.001081"/>
</kw>
<kw name="Click Element" owner="SeleniumLibrary">
<msg time="2025-02-13T08:41:33.572067" level="INFO">Clicking element '//*[@id="__next"]/div[4]/div[1]/div/main/div/div/div[3]/div[5]/div[1]/table/tbody/tr[2]/td/div/table/tbody/tr/td[3]/p/button'.</msg>
<arg>//*[@id="__next"]/div[4]/div[1]/div/main/div/div/div[3]/div[5]/div[1]/table/tbody/tr[2]/td/div/table/tbody/tr/td[3]/p/button</arg>
<doc>Click the element identified by ``locator``.</doc>
<status status="PASS" start="2025-02-13T08:41:33.571672" elapsed="0.336154"/>
</kw>
<kw name="Sleep" owner="BuiltIn">
<msg time="2025-02-13T08:41:36.908869" level="INFO">Slept 3 seconds.</msg>
<arg>3s</arg>
<doc>Pauses the test executed for the given time.</doc>
<status status="PASS" start="2025-02-13T08:41:33.908219" elapsed="3.000879"/>
</kw>
<kw name="Click Element" owner="SeleniumLibrary">
<msg time="2025-02-13T08:41:36.909876" level="INFO">Clicking element '//*[@id="__next"]/div[4]/div[1]/div/main/div/div/div[3]/div[2]/div/div/div/form/div[3]/div[1]/button'.</msg>
<arg>//*[@id="__next"]/div[4]/div[1]/div/main/div/div/div[3]/div[2]/div/div/div/form/div[3]/div[1]/button</arg>
<doc>Click the element identified by ``locator``.</doc>
<status status="PASS" start="2025-02-13T08:41:36.909483" elapsed="0.196165"/>
</kw>
<kw name="Sleep" owner="BuiltIn">
<msg time="2025-02-13T08:41:40.107775" level="INFO">Slept 3 seconds.</msg>
<arg>3s</arg>
<doc>Pauses the test executed for the given time.</doc>
<status status="PASS" start="2025-02-13T08:41:37.106679" elapsed="3.001393"/>
</kw>
<kw name="Click Element" owner="SeleniumLibrary">
<msg time="2025-02-13T08:41:40.109045" level="INFO">Clicking element '//*[@id="__next"]/div[4]/div[1]/div/main/div/div/div[3]/div[5]/div[1]/table/tbody/tr[2]/td/div/table/tbody/tr/td[3]/p/button'.</msg>
<arg>//*[@id="__next"]/div[4]/div[1]/div/main/div/div/div[3]/div[5]/div[1]/table/tbody/tr[2]/td/div/table/tbody/tr/td[3]/p/button</arg>
<doc>Click the element identified by ``locator``.</doc>
<status status="PASS" start="2025-02-13T08:41:40.108524" elapsed="0.313852"/>
</kw>
<kw name="Sleep" owner="BuiltIn">
<msg time="2025-02-13T08:41:43.424043" level="INFO">Slept 3 seconds.</msg>
<arg>3s</arg>
<doc>Pauses the test executed for the given time.</doc>
<status status="PASS" start="2025-02-13T08:41:40.422839" elapsed="3.001464"/>
</kw>
<kw name="Click Element" owner="SeleniumLibrary">
<msg time="2025-02-13T08:41:43.425246" level="INFO">Clicking element '//*[@id="__next"]/div[4]/div[1]/div/main/div/div/div[3]/div[2]/div/div/div/form/div[1]/div/div/div/div/div/div/div[1]'.</msg>
<arg>//*[@id="__next"]/div[4]/div[1]/div/main/div/div/div[3]/div[2]/div/div/div/form/div[1]/div/div/div/div/div/div/div[1]</arg>
<doc>Click the element identified by ``locator``.</doc>
<status status="PASS" start="2025-02-13T08:41:43.424770" elapsed="0.172155"/>
</kw>
<kw name="Press Keys" owner="SeleniumLibrary">
<msg time="2025-02-13T08:41:43.598628" level="INFO">Sending key(s) ('ENTER',) to page.</msg>
<msg time="2025-02-13T08:41:43.598852" level="INFO">Pressing special key ENTER to browser.</msg>
<msg time="2025-02-13T08:41:43.598960" level="INFO">Releasing special key ENTER.</msg>
<arg>NONE</arg>
<arg>ENTER</arg>
<doc>Simulates the user pressing key(s) to an element or on the active browser.</doc>
<status status="PASS" start="2025-02-13T08:41:43.597547" elapsed="0.031992"/>
</kw>
<kw name="Sleep" owner="BuiltIn">
<msg time="2025-02-13T08:41:46.631601" level="INFO">Slept 3 seconds.</msg>
<arg>3s</arg>
<doc>Pauses the test executed for the given time.</doc>
<status status="PASS" start="2025-02-13T08:41:43.630426" elapsed="3.001539"/>
</kw>
<kw name="Click Element" owner="SeleniumLibrary">
<msg time="2025-02-13T08:41:46.632824" level="INFO">Clicking element '//*[@id="__next"]/div[4]/div[1]/div/main/div/div/div[3]/div[2]/div/div/div/form/div[2]/div/div/div/input'.</msg>
<arg>//*[@id="__next"]/div[4]/div[1]/div/main/div/div/div[3]/div[2]/div/div/div/form/div[2]/div/div/div/input</arg>
<doc>Click the element identified by ``locator``.</doc>
<status status="PASS" start="2025-02-13T08:41:46.632408" elapsed="0.189187"/>
</kw>
<kw name="Press Keys" owner="SeleniumLibrary">
<msg time="2025-02-13T08:41:46.823163" level="INFO">Sending key(s) ('CTRL+A',) to page.</msg>
<msg time="2025-02-13T08:41:46.823516" level="INFO">Pressing special key CONTROL down.</msg>
<msg time="2025-02-13T08:41:46.823645" level="INFO">Sending key A</msg>
<msg time="2025-02-13T08:41:46.823744" level="INFO">Releasing special key CONTROL.</msg>
<arg>NONE</arg>
<arg>CTRL+A</arg>
<doc>Simulates the user pressing key(s) to an element or on the active browser.</doc>
<status status="PASS" start="2025-02-13T08:41:46.822122" elapsed="0.034528"/>
</kw>
<kw name="Press Keys" owner="SeleniumLibrary">
<msg time="2025-02-13T08:41:46.857881" level="INFO">Sending key(s) ('BACKSPACE',) to page.</msg>
<msg time="2025-02-13T08:41:46.858060" level="INFO">Pressing special key BACKSPACE to browser.</msg>
<msg time="2025-02-13T08:41:46.858142" level="INFO">Releasing special key BACKSPACE.</msg>
<arg>NONE</arg>
<arg>BACKSPACE</arg>
<doc>Simulates the user pressing key(s) to an element or on the active browser.</doc>
<status status="PASS" start="2025-02-13T08:41:46.857095" elapsed="0.019597"/>
</kw>
<kw name="Input Text" owner="SeleniumLibrary">
<msg time="2025-02-13T08:41:46.877575" level="INFO">Typing text '23' into text field '//*[@id="__next"]/div[4]/div[1]/div/main/div/div/div[3]/div[2]/div/div/div/form/div[2]/div/div/div/input'.</msg>
<arg>//*[@id="__next"]/div[4]/div[1]/div/main/div/div/div[3]/div[2]/div/div/div/form/div[2]/div/div/div/input</arg>
<arg>${randomQty}</arg>
<doc>Types the given ``text`` into the text field identified by ``locator``.</doc>
<status status="PASS" start="2025-02-13T08:41:46.877113" elapsed="0.197278"/>
</kw>
<kw name="Sleep" owner="BuiltIn">
<msg time="2025-02-13T08:41:50.075897" level="INFO">Slept 3 seconds.</msg>
<arg>3s</arg>
<doc>Pauses the test executed for the given time.</doc>
<status status="PASS" start="2025-02-13T08:41:47.074823" elapsed="3.001353"/>
</kw>
<kw name="Click Element" owner="SeleniumLibrary">
<msg time="2025-02-13T08:41:50.077201" level="INFO">Clicking element '//*[@id="__next"]/div[4]/div[1]/div/main/div/div/div[3]/div[2]/div/div/div/form/div[3]/div[2]/button'.</msg>
<arg>//*[@id="__next"]/div[4]/div[1]/div/main/div/div/div[3]/div[2]/div/div/div/form/div[3]/div[2]/button</arg>
<doc>Click the element identified by ``locator``.</doc>
<status status="PASS" start="2025-02-13T08:41:50.076699" elapsed="0.147060"/>
</kw>
<kw name="Sleep" owner="BuiltIn">
<msg time="2025-02-13T08:42:00.225438" level="INFO">Slept 10 seconds.</msg>
<arg>10s</arg>
<doc>Pauses the test executed for the given time.</doc>
<status status="PASS" start="2025-02-13T08:41:50.224472" elapsed="10.001168"/>
</kw>
<kw name="Click Element" owner="SeleniumLibrary">
<msg time="2025-02-13T08:42:00.226351" level="INFO">Clicking element '//*[@id="__next"]/div[4]/div[1]/div/main/div/div/div[3]/div[5]/div[1]/table/tbody/tr[2]/td/div/table/tbody/tr/td[4]/p/div/div/div/div/div/input'.</msg>
<arg>//*[@id="__next"]/div[4]/div[1]/div/main/div/div/div[3]/div[5]/div[1]/table/tbody/tr[2]/td/div/table/tbody/tr/td[4]/p/div/div/div/div/div/input</arg>
<doc>Click the element identified by ``locator``.</doc>
<status status="PASS" start="2025-02-13T08:42:00.226038" elapsed="0.275336"/>
</kw>
<kw name="Press Keys" owner="SeleniumLibrary">
<msg time="2025-02-13T08:42:00.502941" level="INFO">Sending key(s) ('ENTER',) to page.</msg>
<msg time="2025-02-13T08:42:00.503152" level="INFO">Pressing special key ENTER to browser.</msg>
<msg time="2025-02-13T08:42:00.503294" level="INFO">Releasing special key ENTER.</msg>
<arg>NONE</arg>
<arg>ENTER</arg>
<doc>Simulates the user pressing key(s) to an element or on the active browser.</doc>
<status status="PASS" start="2025-02-13T08:42:00.501895" elapsed="0.043751"/>
</kw>
<kw name="Sleep" owner="BuiltIn">
<msg time="2025-02-13T08:42:15.547192" level="INFO">Slept 15 seconds.</msg>
<arg>15s</arg>
<doc>Pauses the test executed for the given time.</doc>
<status status="PASS" start="2025-02-13T08:42:00.546161" elapsed="15.001301"/>
</kw>
<kw name="Click Element" owner="SeleniumLibrary">
<msg time="2025-02-13T08:42:15.548365" level="INFO">Clicking element '//button[contains(@class, 'flex justify-start') and contains(@class, 'absolute left-0 top-0')]'.</msg>
<arg>//button[contains(@class, 'flex justify-start') and contains(@class, 'absolute left-0 top-0')]</arg>
<doc>Click the element identified by ``locator``.</doc>
<status status="PASS" start="2025-02-13T08:42:15.547944" elapsed="0.356029"/>
</kw>
<kw name="Sleep" owner="BuiltIn">
<msg time="2025-02-13T08:42:18.905452" level="INFO">Slept 3 seconds.</msg>
<arg>3s</arg>
<doc>Pauses the test executed for the given time.</doc>
<status status="PASS" start="2025-02-13T08:42:15.904264" elapsed="3.001415"/>
</kw>
<kw name="Click Element" owner="SeleniumLibrary">
<msg time="2025-02-13T08:42:18.906491" level="INFO">Clicking element '//p[@class='text-base font-semibold text-left text-[#344054]']'.</msg>
<arg>//p[@class='text-base font-semibold text-left text-[#344054]']</arg>
<doc>Click the element identified by ``locator``.</doc>
<status status="PASS" start="2025-02-13T08:42:18.906078" elapsed="0.312565"/>
</kw>
<kw name="Sleep" owner="BuiltIn">
<msg time="2025-02-13T08:42:22.219691" level="INFO">Slept 3 seconds.</msg>
<arg>3s</arg>
<doc>Pauses the test executed for the given time.</doc>
<status status="PASS" start="2025-02-13T08:42:19.219121" elapsed="3.000771"/>
</kw>
<kw name="Click Element" owner="SeleniumLibrary">
<msg time="2025-02-13T08:42:22.220660" level="INFO">Clicking element '//button[contains(@class, 'flex justify-start') and contains(@class, 'absolute left-0 top-0')]'.</msg>
<arg>//button[contains(@class, 'flex justify-start') and contains(@class, 'absolute left-0 top-0')]</arg>
<doc>Click the element identified by ``locator``.</doc>
<status status="PASS" start="2025-02-13T08:42:22.220211" elapsed="0.306435"/>
</kw>
<kw name="Sleep" owner="BuiltIn">
<msg time="2025-02-13T08:42:25.527762" level="INFO">Slept 3 seconds.</msg>
<arg>3s</arg>
<doc>Pauses the test executed for the given time.</doc>
<status status="PASS" start="2025-02-13T08:42:22.526971" elapsed="3.001071"/>
</kw>
<kw name="Click Element" owner="SeleniumLibrary">
<msg time="2025-02-13T08:42:25.529067" level="INFO">Clicking element '//p[@class='text-base font-semibold text-left text-white']'.</msg>
<arg>//p[@class='text-base font-semibold text-left text-white']</arg>
<doc>Click the element identified by ``locator``.</doc>
<status status="PASS" start="2025-02-13T08:42:25.528493" elapsed="0.126770"/>
</kw>
<kw name="Sleep" owner="BuiltIn">
<msg time="2025-02-13T08:42:35.656454" level="INFO">Slept 10 seconds.</msg>
<arg>10s</arg>
<doc>Pauses the test executed for the given time.</doc>
<status status="PASS" start="2025-02-13T08:42:25.655742" elapsed="10.000932"/>
</kw>
<kw name="Click Element" owner="SeleniumLibrary">
<msg time="2025-02-13T08:42:35.657393" level="INFO">Clicking element '(//p[contains(text(),'Process Now')])[1]'.</msg>
<arg>(//p[contains(text(),'Process Now')])[1]</arg>
<doc>Click the element identified by ``locator``.</doc>
<status status="PASS" start="2025-02-13T08:42:35.657037" elapsed="0.136526"/>
</kw>
<kw name="Sleep" owner="BuiltIn">
<msg time="2025-02-13T08:42:45.795216" level="INFO">Slept 10 seconds.</msg>
<arg>10s</arg>
<doc>Pauses the test executed for the given time.</doc>
<status status="PASS" start="2025-02-13T08:42:35.794119" elapsed="10.001313"/>
</kw>
<kw name="Click Element" owner="SeleniumLibrary">
<msg time="2025-02-13T08:42:45.796392" level="INFO">Clicking element '//*[@id="__next"]/div[4]/div[1]/div/main/div/div/div[3]/div[5]/div[1]/div[1]/div/div[2]/div[2]/button[1]/div'.</msg>
<arg>//*[@id="__next"]/div[4]/div[1]/div/main/div/div/div[3]/div[5]/div[1]/div[1]/div/div[2]/div[2]/button[1]/div</arg>
<doc>Click the element identified by ``locator``.</doc>
<status status="PASS" start="2025-02-13T08:42:45.795869" elapsed="0.278704"/>
</kw>
<kw name="Sleep" owner="BuiltIn">
<msg time="2025-02-13T08:42:51.076001" level="INFO">Slept 5 seconds.</msg>
<arg>5s</arg>
<doc>Pauses the test executed for the given time.</doc>
<status status="PASS" start="2025-02-13T08:42:46.075024" elapsed="5.001474"/>
</kw>
<kw name="Click Element" owner="SeleniumLibrary">
<msg time="2025-02-13T08:42:51.077863" level="INFO">Clicking element '//*[@id="__next"]/div[4]/div[1]/div/main/div/div/div[3]/div[5]/div[1]/table/tbody/tr[1]/td[1]/div/div[1]'.</msg>
<arg>//*[@id="__next"]/div[4]/div[1]/div/main/div/div/div[3]/div[5]/div[1]/table/tbody/tr[1]/td[1]/div/div[1]</arg>
<doc>Click the element identified by ``locator``.</doc>
<status status="PASS" start="2025-02-13T08:42:51.077458" elapsed="0.113820"/>
</kw>
<kw name="Sleep" owner="BuiltIn">
<msg time="2025-02-13T08:42:54.192630" level="INFO">Slept 3 seconds.</msg>
<arg>3s</arg>
<doc>Pauses the test executed for the given time.</doc>
<status status="PASS" start="2025-02-13T08:42:51.191764" elapsed="3.001478"/>
</kw>
<kw name="Click Element" owner="SeleniumLibrary">
<msg time="2025-02-13T08:42:54.194844" level="INFO">Clicking element '//button[contains(@class, 'left-9') and contains(@class, 'absolute')]'.</msg>
<arg>//button[contains(@class, 'left-9') and contains(@class, 'absolute')]</arg>
<doc>Click the element identified by ``locator``.</doc>
<status status="PASS" start="2025-02-13T08:42:54.194205" elapsed="0.320279"/>
</kw>
<kw name="Sleep" owner="BuiltIn">
<msg time="2025-02-13T08:42:57.516749" level="INFO">Slept 3 seconds.</msg>
<arg>3s</arg>
<doc>Pauses the test executed for the given time.</doc>
<status status="PASS" start="2025-02-13T08:42:54.515248" elapsed="3.001735"/>
</kw>
<kw name="Click Element" owner="SeleniumLibrary">
<msg time="2025-02-13T08:42:57.517730" level="INFO">Clicking element '(//p[@class='flex-grow-0 flex-shrink-0 text-base font-semibold text-left text-[#344054]'][normalize-space()='Cancel'])[1]'.</msg>
<arg>(//p[@class='flex-grow-0 flex-shrink-0 text-base font-semibold text-left text-[#344054]'][normalize-space()='Cancel'])[1]</arg>
<doc>Click the element identified by ``locator``.</doc>
<status status="PASS" start="2025-02-13T08:42:57.517349" elapsed="0.357683"/>
</kw>
<kw name="Sleep" owner="BuiltIn">
<msg time="2025-02-13T08:43:00.876646" level="INFO">Slept 3 seconds.</msg>
<arg>3s</arg>
<doc>Pauses the test executed for the given time.</doc>
<status status="PASS" start="2025-02-13T08:42:57.875542" elapsed="3.001332"/>
</kw>
<kw name="Click Element" owner="SeleniumLibrary">
<msg time="2025-02-13T08:43:00.877671" level="INFO">Clicking element '//button[contains(@class, 'left-9') and contains(@class, 'absolute')]'.</msg>
<arg>//button[contains(@class, 'left-9') and contains(@class, 'absolute')]</arg>
<doc>Click the element identified by ``locator``.</doc>
<status status="PASS" start="2025-02-13T08:43:00.877230" elapsed="0.322872"/>
</kw>
<kw name="Sleep" owner="BuiltIn">
<msg time="2025-02-13T08:43:04.201498" level="INFO">Slept 3 seconds.</msg>
<arg>3s</arg>
<doc>Pauses the test executed for the given time.</doc>
<status status="PASS" start="2025-02-13T08:43:01.200598" elapsed="3.001227"/>
</kw>
<kw name="Click Element" owner="SeleniumLibrary">
<msg time="2025-02-13T08:43:04.202783" level="INFO">Clicking element '//p[normalize-space()='Decline']'.</msg>
<arg>//p[normalize-space()='Decline']</arg>
<doc>Click the element identified by ``locator``.</doc>
<status status="PASS" start="2025-02-13T08:43:04.202333" elapsed="0.124898"/>
</kw>
<kw name="Sleep" owner="BuiltIn">
<msg time="2025-02-13T08:43:14.328548" level="INFO">Slept 10 seconds.</msg>
<arg>10s</arg>
<doc>Pauses the test executed for the given time.</doc>
<status status="PASS" start="2025-02-13T08:43:04.327712" elapsed="10.001116"/>
</kw>
<kw name="Click Element" owner="SeleniumLibrary">
<msg time="2025-02-13T08:43:14.329623" level="INFO">Clicking element '(//p[contains(text(),'Process Now')])[1]'.</msg>
<arg>(//p[contains(text(),'Process Now')])[1]</arg>
<doc>Click the element identified by ``locator``.</doc>
<status status="PASS" start="2025-02-13T08:43:14.329246" elapsed="0.141727"/>
</kw>
<kw name="Sleep" owner="BuiltIn">
<msg time="2025-02-13T08:43:24.472561" level="INFO">Slept 10 seconds.</msg>
<arg>10s</arg>
<doc>Pauses the test executed for the given time.</doc>
<status status="PASS" start="2025-02-13T08:43:14.471634" elapsed="10.001211"/>
</kw>
<status status="PASS" start="2025-02-13T08:40:53.402402" elapsed="151.070743"/>
</kw>
<status status="PASS" start="2025-02-13T08:40:53.400857" elapsed="151.072469"/>
</kw>
<kw name="And User Click Recent Prescription Processing Page">
<kw name="Recent Prescription Processing Page" owner="keywords">
<kw name="Numerify" owner="FakerLibrary">
<msg time="2025-02-13T08:43:24.477246" level="INFO">${randomQty} = 86</msg>
<var>${randomQty}</var>
<arg>$$</arg>
<doc>Generate a string with each placeholder in ``text`` replaced according
to the following rules:</doc>
<status status="PASS" start="2025-02-13T08:43:24.476466" elapsed="0.000856"/>
</kw>
<kw name="Click Element" owner="SeleniumLibrary">
<msg time="2025-02-13T08:43:24.478043" level="INFO">Clicking element '//*[@id="__next"]/div[4]/div[1]/div/main/div/div/div[3]/div[5]/div[1]/table/tbody/tr[1]/td[3]/form/select'.</msg>
<arg>//*[@id="__next"]/div[4]/div[1]/div/main/div/div/div[3]/div[5]/div[1]/table/tbody/tr[1]/td[3]/form/select</arg>
<doc>Click the element identified by ``locator``.</doc>
<status status="PASS" start="2025-02-13T08:43:24.477656" elapsed="0.218917"/>
</kw>
<kw name="Press Keys" owner="SeleniumLibrary">
<msg time="2025-02-13T08:43:24.697858" level="INFO">Sending key(s) ('ENTER',) to page.</msg>
<msg time="2025-02-13T08:43:24.698044" level="INFO">Pressing special key ENTER to browser.</msg>
<msg time="2025-02-13T08:43:24.698132" level="INFO">Releasing special key ENTER.</msg>
<arg>NONE</arg>
<arg>ENTER</arg>
<doc>Simulates the user pressing key(s) to an element or on the active browser.</doc>
<status status="PASS" start="2025-02-13T08:43:24.697073" elapsed="0.053284"/>
</kw>
<kw name="Sleep" owner="BuiltIn">
<msg time="2025-02-13T08:43:27.751296" level="INFO">Slept 3 seconds.</msg>
<arg>3s</arg>
<doc>Pauses the test executed for the given time.</doc>
<status status="PASS" start="2025-02-13T08:43:24.750719" elapsed="3.000991"/>
</kw>
<kw name="Click Element" owner="SeleniumLibrary">
<msg time="2025-02-13T08:43:27.753014" level="INFO">Clicking element '//*[@id="__next"]/div[4]/div[1]/div/main/div/div/div[3]/div[5]/div[1]/table/tbody/tr[1]/td[1]/div/div[1]'.</msg>
<arg>//*[@id="__next"]/div[4]/div[1]/div/main/div/div/div[3]/div[5]/div[1]/table/tbody/tr[1]/td[1]/div/div[1]</arg>
<doc>Click the element identified by ``locator``.</doc>
<status status="PASS" start="2025-02-13T08:43:27.752356" elapsed="0.443018"/>
</kw>
<kw name="Sleep" owner="BuiltIn">
<msg time="2025-02-13T08:43:31.196385" level="INFO">Slept 3 seconds.</msg>
<arg>3s</arg>
<doc>Pauses the test executed for the given time.</doc>
<status status="PASS" start="2025-02-13T08:43:28.195672" elapsed="3.001344"/>
</kw>
<kw name="Click Element" owner="SeleniumLibrary">
<msg time="2025-02-13T08:43:31.199078" level="INFO">Clicking element '//*[@id="__next"]/div[4]/div[1]/div/main/div/div/div[3]/div[5]/div[1]/table/tbody/tr[2]/td/div/table/tbody/tr/td[1]/p/div/div/button'.</msg>
<arg>//*[@id="__next"]/div[4]/div[1]/div/main/div/div/div[3]/div[5]/div[1]/table/tbody/tr[2]/td/div/table/tbody/tr/td[1]/p/div/div/button</arg>
<doc>Click the element identified by ``locator``.</doc>
<status status="PASS" start="2025-02-13T08:43:31.197959" elapsed="0.580988"/>
</kw>
<kw name="Sleep" owner="BuiltIn">
<msg time="2025-02-13T08:43:36.780085" level="INFO">Slept 5 seconds.</msg>
<arg>5s</arg>
<doc>Pauses the test executed for the given time.</doc>
<status status="PASS" start="2025-02-13T08:43:31.779311" elapsed="5.000979"/>
</kw>
<kw name="Click Element" owner="SeleniumLibrary">
<msg time="2025-02-13T08:43:36.781055" level="INFO">Clicking element '//*[@id="__next"]/div[4]/div[1]/div/main/div/div/div[3]/div[1]/div/div/div/div/div/div[2]/div/div/div/button'.</msg>
<arg>//*[@id="__next"]/div[4]/div[1]/div/main/div/div/div[3]/div[1]/div/div/div/div/div/div[2]/div/div/div/button</arg>
<doc>Click the element identified by ``locator``.</doc>
<status status="PASS" start="2025-02-13T08:43:36.780674" elapsed="0.547681"/>
</kw>
<kw name="Sleep" owner="BuiltIn">
<msg time="2025-02-13T08:43:42.329617" level="INFO">Slept 5 seconds.</msg>
<arg>5s</arg>
<doc>Pauses the test executed for the given time.</doc>
<status status="PASS" start="2025-02-13T08:43:37.328808" elapsed="5.000999"/>
</kw>
<kw name="Click Element" owner="SeleniumLibrary">
<msg time="2025-02-13T08:43:42.330546" level="INFO">Clicking element '//*[@id="__next"]/div[4]/div[1]/div/main/div/div/div[3]/div[5]/div[1]/table/tbody/tr[2]/td/div/table/tbody/tr/td[2]'.</msg>
<arg>//*[@id="__next"]/div[4]/div[1]/div/main/div/div/div[3]/div[5]/div[1]/table/tbody/tr[2]/td/div/table/tbody/tr/td[2]</arg>
<doc>Click the element identified by ``locator``.</doc>
<status status="PASS" start="2025-02-13T08:43:42.330191" elapsed="0.533038"/>
</kw>
<kw name="Sleep" owner="BuiltIn">
<msg time="2025-02-13T08:43:45.864619" level="INFO">Slept 3 seconds.</msg>
<arg>3s</arg>
<doc>Pauses the test executed for the given time.</doc>
<status status="PASS" start="2025-02-13T08:43:42.863698" elapsed="3.001176"/>
</kw>
<kw name="Click Element" owner="SeleniumLibrary">
<msg time="2025-02-13T08:43:45.865753" level="INFO">Clicking element '//*[@id="__next"]/div[4]/div[1]/div/main/div/div/div[3]/div[4]/div/div/form/div/div[2]/div/button'.</msg>
<arg>//*[@id="__next"]/div[4]/div[1]/div/main/div/div/div[3]/div[4]/div/div/form/div/div[2]/div/button</arg>
<doc>Click the element identified by ``locator``.</doc>
<status status="PASS" start="2025-02-13T08:43:45.865320" elapsed="0.235362"/>
</kw>
<kw name="Sleep" owner="BuiltIn">
<msg time="2025-02-13T08:43:49.102296" level="INFO">Slept 3 seconds.</msg>
<arg>3s</arg>
<doc>Pauses the test executed for the given time.</doc>
<status status="PASS" start="2025-02-13T08:43:46.101376" elapsed="3.001208"/>
</kw>
<kw name="Click Element" owner="SeleniumLibrary">
<msg time="2025-02-13T08:43:49.103500" level="INFO">Clicking element '//*[@id="__next"]/div[4]/div[1]/div/main/div/div/div[3]/div[5]/div[1]/table/tbody/tr[2]/td/div/table/tbody/tr/td[2]'.</msg>
<arg>//*[@id="__next"]/div[4]/div[1]/div/main/div/div/div[3]/div[5]/div[1]/table/tbody/tr[2]/td/div/table/tbody/tr/td[2]</arg>
<doc>Click the element identified by ``locator``.</doc>
<status status="PASS" start="2025-02-13T08:43:49.103039" elapsed="0.458704"/>
</kw>
<kw name="Sleep" owner="BuiltIn">
<msg time="2025-02-13T08:43:52.562927" level="INFO">Slept 3 seconds.</msg>
<arg>3s</arg>
<doc>Pauses the test executed for the given time.</doc>
<status status="PASS" start="2025-02-13T08:43:49.562188" elapsed="3.001052"/>
</kw>
<kw name="Click Element" owner="SeleniumLibrary">
<msg time="2025-02-13T08:43:52.564331" level="INFO">Clicking element '//*[@id="__next"]/div[4]/div[1]/div/main/div/div/div[3]/div[4]/div/div/form/div/div[1]/div/textarea'.</msg>
<arg>//*[@id="__next"]/div[4]/div[1]/div/main/div/div/div[3]/div[4]/div/div/form/div/div[1]/div/textarea</arg>
<doc>Click the element identified by ``locator``.</doc>
<status status="PASS" start="2025-02-13T08:43:52.563785" elapsed="0.169623"/>
</kw>
<kw name="Press Keys" owner="SeleniumLibrary">
<msg time="2025-02-13T08:43:52.735074" level="INFO">Sending key(s) ('CTRL+A',) to page.</msg>
<msg time="2025-02-13T08:43:52.735296" level="INFO">Pressing special key CONTROL down.</msg>
<msg time="2025-02-13T08:43:52.735400" level="INFO">Sending key A</msg>
<msg time="2025-02-13T08:43:52.735498" level="INFO">Releasing special key CONTROL.</msg>
<arg>NONE</arg>
<arg>CTRL+A</arg>
<doc>Simulates the user pressing key(s) to an element or on the active browser.</doc>
<status status="PASS" start="2025-02-13T08:43:52.734014" elapsed="0.035097"/>
</kw>
<kw name="Press Keys" owner="SeleniumLibrary">
<msg time="2025-02-13T08:43:52.770339" level="INFO">Sending key(s) ('BACKSPACE',) to page.</msg>
<msg time="2025-02-13T08:43:52.770504" level="INFO">Pressing special key BACKSPACE to browser.</msg>
<msg time="2025-02-13T08:43:52.770583" level="INFO">Releasing special key BACKSPACE.</msg>
<arg>NONE</arg>
<arg>BACKSPACE</arg>
<doc>Simulates the user pressing key(s) to an element or on the active browser.</doc>
<status status="PASS" start="2025-02-13T08:43:52.769548" elapsed="0.028302"/>
</kw>
<kw name="Input Text" owner="SeleniumLibrary">
<msg time="2025-02-13T08:43:52.798759" level="INFO">Typing text 'this is a test' into text field '//*[@id="__next"]/div[4]/div[1]/div/main/div/div/div[3]/div[4]/div/div/form/div/div[1]/div/textarea'.</msg>
<arg>//*[@id="__next"]/div[4]/div[1]/div/main/div/div/div[3]/div[4]/div/div/form/div/div[1]/div/textarea</arg>
<arg>${description}</arg>
<doc>Types the given ``text`` into the text field identified by ``locator``.</doc>
<status status="PASS" start="2025-02-13T08:43:52.798242" elapsed="0.222743"/>
</kw>
<kw name="Sleep" owner="BuiltIn">
<msg time="2025-02-13T08:43:56.022487" level="INFO">Slept 3 seconds.</msg>
<arg>3s</arg>
<doc>Pauses the test executed for the given time.</doc>
<status status="PASS" start="2025-02-13T08:43:53.021583" elapsed="3.001082"/>
</kw>
<kw name="Click Element" owner="SeleniumLibrary">
<msg time="2025-02-13T08:43:56.023565" level="INFO">Clicking element '//*[@id="__next"]/div[4]/div[1]/div/main/div/div/div[3]/div[4]/div/div/form/div/div[2]/button'.</msg>
<arg>//*[@id="__next"]/div[4]/div[1]/div/main/div/div/div[3]/div[4]/div/div/form/div/div[2]/button</arg>
<doc>Click the element identified by ``locator``.</doc>
<status status="PASS" start="2025-02-13T08:43:56.023059" elapsed="0.144861"/>
</kw>
<kw name="Sleep" owner="BuiltIn">
<msg time="2025-02-13T08:44:06.169073" level="INFO">Slept 10 seconds.</msg>
<arg>10s</arg>
<doc>Pauses the test executed for the given time.</doc>
<status status="PASS" start="2025-02-13T08:43:56.168410" elapsed="10.000968"/>
</kw>
<kw name="Click Element" owner="SeleniumLibrary">
<msg time="2025-02-13T08:44:06.170660" level="INFO">Clicking element '//*[@id="__next"]/div[4]/div[1]/div/main/div/div/div[3]/div[5]/div[1]/table/tbody/tr[2]/td/div/table/tbody/tr/td[3]/p/div/div/button[2]'.</msg>
<arg>//*[@id="__next"]/div[4]/div[1]/div/main/div/div/div[3]/div[5]/div[1]/table/tbody/tr[2]/td/div/table/tbody/tr/td[3]/p/div/div/button[2]</arg>
<doc>Click the element identified by ``locator``.</doc>
<status status="PASS" start="2025-02-13T08:44:06.170104" elapsed="0.559435"/>
</kw>
<kw name="Sleep" owner="BuiltIn">
<msg time="2025-02-13T08:44:09.730672" level="INFO">Slept 3 seconds.</msg>
<arg>3s</arg>
<doc>Pauses the test executed for the given time.</doc>
<status status="PASS" start="2025-02-13T08:44:06.729995" elapsed="3.000883"/>
</kw>
<kw name="Click Element" owner="SeleniumLibrary">
<msg time="2025-02-13T08:44:09.731625" level="INFO">Clicking element '//*[@id="__next"]/div[4]/div[1]/div/main/div/div/div[3]/div[2]/div/div/div/form/div[3]/div[1]/button'.</msg>
<arg>//*[@id="__next"]/div[4]/div[1]/div/main/div/div/div[3]/div[2]/div/div/div/form/div[3]/div[1]/button</arg>
<doc>Click the element identified by ``locator``.</doc>
<status status="PASS" start="2025-02-13T08:44:09.731240" elapsed="0.225999"/>
</kw>
<kw name="Sleep" owner="BuiltIn">
<msg time="2025-02-13T08:44:12.958565" level="INFO">Slept 3 seconds.</msg>
<arg>3s</arg>
<doc>Pauses the test executed for the given time.</doc>
<status status="PASS" start="2025-02-13T08:44:09.957645" elapsed="3.001132"/>
</kw>
<kw name="Click Element" owner="SeleniumLibrary">
<msg time="2025-02-13T08:44:12.959548" level="INFO">Clicking element '//*[@id="__next"]/div[4]/div[1]/div/main/div/div/div[3]/div[5]/div[1]/table/tbody/tr[2]/td/div/table/tbody/tr/td[3]/p/div/div/button[2]'.</msg>
<arg>//*[@id="__next"]/div[4]/div[1]/div/main/div/div/div[3]/div[5]/div[1]/table/tbody/tr[2]/td/div/table/tbody/tr/td[3]/p/div/div/button[2]</arg>
<doc>Click the element identified by ``locator``.</doc>
<status status="PASS" start="2025-02-13T08:44:12.959108" elapsed="0.184982"/>
</kw>
<kw name="Sleep" owner="BuiltIn">
<msg time="2025-02-13T08:44:16.145439" level="INFO">Slept 3 seconds.</msg>
<arg>3s</arg>
<doc>Pauses the test executed for the given time.</doc>
<status status="PASS" start="2025-02-13T08:44:13.144480" elapsed="3.001611"/>
</kw>
<kw name="Click Element" owner="SeleniumLibrary">
<msg time="2025-02-13T08:44:16.147106" level="INFO">Clicking element '//*[@id="__next"]/div[4]/div[1]/div/main/div/div/div[3]/div[2]/div/div/div/form/div[1]/div/div/div/div/div/div'.</msg>
<arg>//*[@id="__next"]/div[4]/div[1]/div/main/div/div/div[3]/div[2]/div/div/div/form/div[1]/div/div/div/div/div/div</arg>
<doc>Click the element identified by ``locator``.</doc>
<status status="PASS" start="2025-02-13T08:44:16.146600" elapsed="0.263054"/>
</kw>
<kw name="Press Keys" owner="SeleniumLibrary">
<msg time="2025-02-13T08:44:16.411275" level="INFO">Sending key(s) ('Sol',) to page.</msg>
<msg time="2025-02-13T08:44:16.411470" level="INFO">Sending keys Sol</msg>
<arg>NONE</arg>
<arg>Sol</arg>
<doc>Simulates the user pressing key(s) to an element or on the active browser.</doc>
<status status="PASS" start="2025-02-13T08:44:16.410209" elapsed="0.103998"/>
</kw>
<kw name="Press Keys" owner="SeleniumLibrary">
<msg time="2025-02-13T08:44:16.515612" level="INFO">Sending key(s) ('ENTER',) to page.</msg>
<msg time="2025-02-13T08:44:16.515787" level="INFO">Pressing special key ENTER to browser.</msg>
<msg time="2025-02-13T08:44:16.515877" level="INFO">Releasing special key ENTER.</msg>
<arg>NONE</arg>
<arg>ENTER</arg>
<doc>Simulates the user pressing key(s) to an element or on the active browser.</doc>
<status status="PASS" start="2025-02-13T08:44:16.514710" elapsed="0.025977"/>
</kw>
<kw name="Sleep" owner="BuiltIn">
<msg time="2025-02-13T08:44:19.542266" level="INFO">Slept 3 seconds.</msg>
<arg>3s</arg>
<doc>Pauses the test executed for the given time.</doc>
<status status="PASS" start="2025-02-13T08:44:16.541202" elapsed="3.001467"/>
</kw>
<kw name="Click Element" owner="SeleniumLibrary">
<msg time="2025-02-13T08:44:19.543949" level="INFO">Clicking element '//*[@id="__next"]/div[4]/div[1]/div/main/div/div/div[3]/div[2]/div/div/div/form/div[2]/div/div/div/input'.</msg>
<arg>//*[@id="__next"]/div[4]/div[1]/div/main/div/div/div[3]/div[2]/div/div/div/form/div[2]/div/div/div/input</arg>
<doc>Click the element identified by ``locator``.</doc>
<status status="PASS" start="2025-02-13T08:44:19.543299" elapsed="0.156303"/>
</kw>
<kw name="Press Keys" owner="SeleniumLibrary">
<msg time="2025-02-13T08:44:19.700807" level="INFO">Sending key(s) ('CTRL+A',) to page.</msg>
<msg time="2025-02-13T08:44:19.700990" level="INFO">Pressing special key CONTROL down.</msg>
<msg time="2025-02-13T08:44:19.701085" level="INFO">Sending key A</msg>
<msg time="2025-02-13T08:44:19.701159" level="INFO">Releasing special key CONTROL.</msg>
<arg>NONE</arg>
<arg>CTRL+A</arg>
<doc>Simulates the user pressing key(s) to an element or on the active browser.</doc>
<status status="PASS" start="2025-02-13T08:44:19.700007" elapsed="0.027985"/>
</kw>
<kw name="Press Keys" owner="SeleniumLibrary">
<msg time="2025-02-13T08:44:19.729079" level="INFO">Sending key(s) ('BACKSPACE',) to page.</msg>
<msg time="2025-02-13T08:44:19.729203" level="INFO">Pressing special key BACKSPACE to browser.</msg>
<msg time="2025-02-13T08:44:19.729282" level="INFO">Releasing special key BACKSPACE.</msg>
<arg>NONE</arg>
<arg>BACKSPACE</arg>
<doc>Simulates the user pressing key(s) to an element or on the active browser.</doc>
<status status="PASS" start="2025-02-13T08:44:19.728373" elapsed="0.016962"/>
</kw>
<kw name="Input Text" owner="SeleniumLibrary">
<msg time="2025-02-13T08:44:19.746280" level="INFO">Typing text '86' into text field '//*[@id="__next"]/div[4]/div[1]/div/main/div/div/div[3]/div[2]/div/div/div/form/div[2]/div/div/div/input'.</msg>
<arg>//*[@id="__next"]/div[4]/div[1]/div/main/div/div/div[3]/div[2]/div/div/div/form/div[2]/div/div/div/input</arg>
<arg>${randomQty}</arg>
<doc>Types the given ``text`` into the text field identified by ``locator``.</doc>
<status status="PASS" start="2025-02-13T08:44:19.745718" elapsed="0.187168"/>
</kw>
<kw name="Sleep" owner="BuiltIn">
<msg time="2025-02-13T08:44:22.934098" level="INFO">Slept 3 seconds.</msg>
<arg>3s</arg>
<doc>Pauses the test executed for the given time.</doc>
<status status="PASS" start="2025-02-13T08:44:19.933337" elapsed="3.000972"/>
</kw>
<kw name="Click Element" owner="SeleniumLibrary">
<msg time="2025-02-13T08:44:22.934981" level="INFO">Clicking element '//*[@id="__next"]/div[4]/div[1]/div/main/div/div/div[3]/div[2]/div/div/div/form/div[3]/div[2]/button'.</msg>
<arg>//*[@id="__next"]/div[4]/div[1]/div/main/div/div/div[3]/div[2]/div/div/div/form/div[3]/div[2]/button</arg>
<doc>Click the element identified by ``locator``.</doc>
<status status="PASS" start="2025-02-13T08:44:22.934633" elapsed="0.162906"/>
</kw>
<kw name="Sleep" owner="BuiltIn">
<msg time="2025-02-13T08:44:33.098538" level="INFO">Slept 10 seconds.</msg>
<arg>10s</arg>
<doc>Pauses the test executed for the given time.</doc>
<status status="PASS" start="2025-02-13T08:44:23.097818" elapsed="10.001008"/>
</kw>
<kw name="Click Element" owner="SeleniumLibrary">
<msg time="2025-02-13T08:44:33.099701" level="INFO">Clicking element '//*[@id="__next"]/div[4]/div[1]/div/main/div/div/div[3]/div[5]/div[1]/table/tbody/tr[2]/td/div/table/tbody/tr/td[4]/p/div/div/div/div/div/input'.</msg>
<arg>//*[@id="__next"]/div[4]/div[1]/div/main/div/div/div[3]/div[5]/div[1]/table/tbody/tr[2]/td/div/table/tbody/tr/td[4]/p/div/div/div/div/div/input</arg>
<doc>Click the element identified by ``locator``.</doc>
<status status="PASS" start="2025-02-13T08:44:33.099252" elapsed="0.234761"/>
</kw>
<kw name="Press Keys" owner="SeleniumLibrary">
<msg time="2025-02-13T08:44:33.335589" level="INFO">Sending key(s) ('ENTER',) to page.</msg>
<msg time="2025-02-13T08:44:33.335758" level="INFO">Pressing special key ENTER to browser.</msg>
<msg time="2025-02-13T08:44:33.335830" level="INFO">Releasing special key ENTER.</msg>
<arg>NONE</arg>
<arg>ENTER</arg>
<doc>Simulates the user pressing key(s) to an element or on the active browser.</doc>
<status status="PASS" start="2025-02-13T08:44:33.334649" elapsed="0.051439"/>
</kw>
<kw name="Sleep" owner="BuiltIn">
<msg time="2025-02-13T08:44:36.387338" level="INFO">Slept 3 seconds.</msg>
<arg>3s</arg>
<doc>Pauses the test executed for the given time.</doc>
<status status="PASS" start="2025-02-13T08:44:33.386597" elapsed="3.000958"/>
</kw>
<kw name="Click Element" owner="SeleniumLibrary">
<msg time="2025-02-13T08:44:36.388387" level="INFO">Clicking element '//*[@id="__next"]/div[4]/div[1]/div/main/div/div/div[3]/div[5]/div[1]/table/tbody/tr[1]/td[1]/div/div[1]'.</msg>
<arg>//*[@id="__next"]/div[4]/div[1]/div/main/div/div/div[3]/div[5]/div[1]/table/tbody/tr[1]/td[1]/div/div[1]</arg>
<doc>Click the element identified by ``locator``.</doc>
<status status="PASS" start="2025-02-13T08:44:36.387928" elapsed="0.143343"/>
</kw>
<kw name="Sleep" owner="BuiltIn">
<msg time="2025-02-13T08:44:39.532648" level="INFO">Slept 3 seconds.</msg>
<arg>3s</arg>
<doc>Pauses the test executed for the given time.</doc>
<status status="PASS" start="2025-02-13T08:44:36.531674" elapsed="3.001346"/>
</kw>
<kw name="Click Element" owner="SeleniumLibrary">
<msg time="2025-02-13T08:44:39.534270" level="INFO">Clicking element '//*[@id="__next"]/div[4]/div[1]/div/main/div/div/div[3]/div[5]/div[1]/table/tbody/tr[1]/td[5]/button'.</msg>
<arg>//*[@id="__next"]/div[4]/div[1]/div/main/div/div/div[3]/div[5]/div[1]/table/tbody/tr[1]/td[5]/button</arg>
<doc>Click the element identified by ``locator``.</doc>
<status status="PASS" start="2025-02-13T08:44:39.533693" elapsed="0.230746"/>
</kw>
<kw name="Sleep" owner="BuiltIn">
<msg time="2025-02-13T08:44:49.769573" level="INFO">Slept 10 seconds.</msg>
<arg>10s</arg>
<doc>Pauses the test executed for the given time.</doc>
<status status="PASS" start="2025-02-13T08:44:39.764877" elapsed="10.004909"/>
</kw>
<status status="PASS" start="2025-02-13T08:43:24.475609" elapsed="85.294398"/>
</kw>
<status status="PASS" start="2025-02-13T08:43:24.474261" elapsed="85.295894"/>
</kw>
<kw name="And User Click Recent Prescription Completed Page">
<kw name="Recent Prescription Completed Page" owner="keywords">
<kw name="Numerify" owner="FakerLibrary">
<msg time="2025-02-13T08:44:49.784283" level="INFO">${randomQty} = 52</msg>
<var>${randomQty}</var>
<arg>$$</arg>
<doc>Generate a string with each placeholder in ``text`` replaced according
to the following rules:</doc>
<status status="PASS" start="2025-02-13T08:44:49.783716" elapsed="0.000641"/>
</kw>
<kw name="Click Element" owner="SeleniumLibrary">
<msg time="2025-02-13T08:44:49.784940" level="INFO">Clicking element '//*[@id="__next"]/div[4]/div[1]/div/main/div/div/div[3]/div[5]/div[1]/table/tbody/tr[1]/td[3]/form/select'.</msg>
<arg>//*[@id="__next"]/div[4]/div[1]/div/main/div/div/div[3]/div[5]/div[1]/table/tbody/tr[1]/td[3]/form/select</arg>
<doc>Click the element identified by ``locator``.</doc>
<status status="PASS" start="2025-02-13T08:44:49.784624" elapsed="0.153038"/>
</kw>
<kw name="Click Element" owner="SeleniumLibrary">
<msg time="2025-02-13T08:44:49.940551" level="INFO">Clicking element '//*[@id="__next"]/div[4]/div[1]/div/main/div/div/div[3]/div[5]/div[1]/table/tbody/tr[1]/td[3]/form/select/option[3]'.</msg>
<arg>//*[@id="__next"]/div[4]/div[1]/div/main/div/div/div[3]/div[5]/div[1]/table/tbody/tr[1]/td[3]/form/select/option[3]</arg>
<doc>Click the element identified by ``locator``.</doc>
<status status="PASS" start="2025-02-13T08:44:49.939974" elapsed="0.079891"/>
</kw>
<kw name="Sleep" owner="BuiltIn">
<msg time="2025-02-13T08:44:55.020619" level="INFO">Slept 5 seconds.</msg>
<arg>5s</arg>
<doc>Pauses the test executed for the given time.</doc>
<status status="PASS" start="2025-02-13T08:44:50.020139" elapsed="5.000757"/>
</kw>
<kw name="Click Element" owner="SeleniumLibrary">
<msg time="2025-02-13T08:44:55.021754" level="INFO">Clicking element '//*[@id="__next"]/div[4]/div[1]/div/main/div/div/div[3]/div[5]/div[1]/table/tbody/tr[1]/td[1]/div/div[1]'.</msg>
<arg>//*[@id="__next"]/div[4]/div[1]/div/main/div/div/div[3]/div[5]/div[1]/table/tbody/tr[1]/td[1]/div/div[1]</arg>
<doc>Click the element identified by ``locator``.</doc>
<status status="PASS" start="2025-02-13T08:44:55.021313" elapsed="0.148348"/>
</kw>
<kw name="Sleep" owner="BuiltIn">
<msg time="2025-02-13T08:44:58.171163" level="INFO">Slept 3 seconds.</msg>
<arg>3s</arg>
<doc>Pauses the test executed for the given time.</doc>
<status status="PASS" start="2025-02-13T08:44:55.170126" elapsed="3.001564"/>
</kw>
<kw name="Click Element" owner="SeleniumLibrary">
<msg time="2025-02-13T08:44:58.173269" level="INFO">Clicking element '//*[@id="__next"]/div[4]/div[1]/div/main/div/div/div[3]/div[5]/div[1]/table/tbody/tr[2]/td/div/table/tbody/tr/td[1]/p/div/div/button/div'.</msg>
<arg>//*[@id="__next"]/div[4]/div[1]/div/main/div/div/div[3]/div[5]/div[1]/table/tbody/tr[2]/td/div/table/tbody/tr/td[1]/p/div/div/button/div</arg>
<doc>Click the element identified by ``locator``.</doc>
<status status="PASS" start="2025-02-13T08:44:58.172430" elapsed="0.470349"/>
</kw>
<kw name="Sleep" owner="BuiltIn">
<msg time="2025-02-13T08:45:01.644552" level="INFO">Slept 3 seconds.</msg>
<arg>3s</arg>
<doc>Pauses the test executed for the given time.</doc>
<status status="PASS" start="2025-02-13T08:44:58.643451" elapsed="3.001604"/>
</kw>
<kw name="Click Element" owner="SeleniumLibrary">
<msg time="2025-02-13T08:45:01.646332" level="INFO">Clicking element '//*[@id="__next"]/div[4]/div[1]/div/main/div/div/div[3]/div[1]/div/div/div/div/div/div[2]/div/div/div/button'.</msg>
<arg>//*[@id="__next"]/div[4]/div[1]/div/main/div/div/div[3]/div[1]/div/div/div/div/div/div[2]/div/div/div/button</arg>
<doc>Click the element identified by ``locator``.</doc>
<status status="PASS" start="2025-02-13T08:45:01.645767" elapsed="0.503028"/>
</kw>
<kw name="Sleep" owner="BuiltIn">
<msg time="2025-02-13T08:45:05.149980" level="INFO">Slept 3 seconds.</msg>
<arg>3s</arg>
<doc>Pauses the test executed for the given time.</doc>
<status status="PASS" start="2025-02-13T08:45:02.149332" elapsed="3.000843"/>
</kw>
<kw name="Click Element" owner="SeleniumLibrary">
<msg time="2025-02-13T08:45:05.150970" level="INFO">Clicking element '//*[@id="__next"]/div[4]/div[1]/div/main/div/div/div[3]/div[5]/div[1]/table/tbody/tr[2]/td/div/table/tbody/tr/td[2]/p/button'.</msg>
<arg>//*[@id="__next"]/div[4]/div[1]/div/main/div/div/div[3]/div[5]/div[1]/table/tbody/tr[2]/td/div/table/tbody/tr/td[2]/p/button</arg>
<doc>Click the element identified by ``locator``.</doc>
<status status="PASS" start="2025-02-13T08:45:05.150511" elapsed="0.484914"/>
</kw>
<kw name="Sleep" owner="BuiltIn">
<msg time="2025-02-13T08:45:08.636953" level="INFO">Slept 3 seconds.</msg>
<arg>3s</arg>
<doc>Pauses the test executed for the given time.</doc>
<status status="PASS" start="2025-02-13T08:45:05.635802" elapsed="3.001420"/>
</kw>
<kw name="Click Element" owner="SeleniumLibrary">
<msg time="2025-02-13T08:45:08.638110" level="INFO">Clicking element '//*[@id="__next"]/div[4]/div[1]/div/main/div/div/div[3]/div[4]/div/div/form/div/div[2]/div/button'.</msg>
<arg>//*[@id="__next"]/div[4]/div[1]/div/main/div/div/div[3]/div[4]/div/div/form/div/div[2]/div/button</arg>
<doc>Click the element identified by ``locator``.</doc>
<status status="PASS" start="2025-02-13T08:45:08.637653" elapsed="0.497456"/>
</kw>
<kw name="Sleep" owner="BuiltIn">
<msg time="2025-02-13T08:45:12.136649" level="INFO">Slept 3 seconds.</msg>
<arg>3s</arg>
<doc>Pauses the test executed for the given time.</doc>
<status status="PASS" start="2025-02-13T08:45:09.135549" elapsed="3.001488"/>
</kw>
<kw name="Click Element" owner="SeleniumLibrary">
<msg time="2025-02-13T08:45:12.137837" level="INFO">Clicking element '//*[@id="__next"]/div[4]/div[1]/div/main/div/div/div[3]/div[5]/div[1]/table/tbody/tr[2]/td/div/table/tbody/tr/td[2]/p/button'.</msg>
<arg>//*[@id="__next"]/div[4]/div[1]/div/main/div/div/div[3]/div[5]/div[1]/table/tbody/tr[2]/td/div/table/tbody/tr/td[2]/p/button</arg>
<doc>Click the element identified by ``locator``.</doc>
<status status="PASS" start="2025-02-13T08:45:12.137460" elapsed="0.193546"/>
</kw>
<kw name="Sleep" owner="BuiltIn">
<msg time="2025-02-13T08:45:15.331861" level="INFO">Slept 3 seconds.</msg>
<arg>3s</arg>
<doc>Pauses the test executed for the given time.</doc>
<status status="PASS" start="2025-02-13T08:45:12.331355" elapsed="3.000795"/>
</kw>
<kw name="Click Element" owner="SeleniumLibrary">
<msg time="2025-02-13T08:45:15.333272" level="INFO">Clicking element '//*[@id="__next"]/div[4]/div[1]/div/main/div/div/div[3]/div[4]/div/div/form/div/div[1]/div/textarea'.</msg>
<arg>//*[@id="__next"]/div[4]/div[1]/div/main/div/div/div[3]/div[4]/div/div/form/div/div[1]/div/textarea</arg>
<doc>Click the element identified by ``locator``.</doc>
<status status="PASS" start="2025-02-13T08:45:15.332659" elapsed="0.165822"/>
</kw>
<kw name="Press Keys" owner="SeleniumLibrary">
<msg time="2025-02-13T08:45:15.499927" level="INFO">Sending key(s) ('CTRL+A',) to page.</msg>
<msg time="2025-02-13T08:45:15.500133" level="INFO">Pressing special key CONTROL down.</msg>
<msg time="2025-02-13T08:45:15.500227" level="INFO">Sending key A</msg>
<msg time="2025-02-13T08:45:15.500310" level="INFO">Releasing special key CONTROL.</msg>
<arg>NONE</arg>
<arg>CTRL+A</arg>
<doc>Simulates the user pressing key(s) to an element or on the active browser.</doc>
<status status="PASS" start="2025-02-13T08:45:15.499051" elapsed="0.033857"/>
</kw>
<kw name="Press Keys" owner="SeleniumLibrary">
<msg time="2025-02-13T08:45:15.534113" level="INFO">Sending key(s) ('BACKSPACE',) to page.</msg>
<msg time="2025-02-13T08:45:15.534256" level="INFO">Pressing special key BACKSPACE to browser.</msg>
<msg time="2025-02-13T08:45:15.534336" level="INFO">Releasing special key BACKSPACE.</msg>
<arg>NONE</arg>
<arg>BACKSPACE</arg>
<doc>Simulates the user pressing key(s) to an element or on the active browser.</doc>
<status status="PASS" start="2025-02-13T08:45:15.533387" elapsed="0.029507"/>
</kw>
<kw name="Input Text" owner="SeleniumLibrary">
<msg time="2025-02-13T08:45:15.564000" level="INFO">Typing text 'this is a test' into text field '//*[@id="__next"]/div[4]/div[1]/div/main/div/div/div[3]/div[4]/div/div/form/div/div[1]/div/textarea'.</msg>
<arg>//*[@id="__next"]/div[4]/div[1]/div/main/div/div/div[3]/div[4]/div/div/form/div/div[1]/div/textarea</arg>
<arg>${description}</arg>
<doc>Types the given ``text`` into the text field identified by ``locator``.</doc>
<status status="PASS" start="2025-02-13T08:45:15.563399" elapsed="0.227978"/>
</kw>
<kw name="Sleep" owner="BuiltIn">
<msg time="2025-02-13T08:45:18.792743" level="INFO">Slept 3 seconds.</msg>
<arg>3s</arg>
<doc>Pauses the test executed for the given time.</doc>
<status status="PASS" start="2025-02-13T08:45:15.791907" elapsed="3.001219"/>
</kw>
<kw name="Click Element" owner="SeleniumLibrary">
<msg time="2025-02-13T08:45:18.794190" level="INFO">Clicking element '//*[@id="__next"]/div[4]/div[1]/div/main/div/div/div[3]/div[4]/div/div/form/div/div[2]/button'.</msg>
<arg>//*[@id="__next"]/div[4]/div[1]/div/main/div/div/div[3]/div[4]/div/div/form/div/div[2]/button</arg>
<doc>Click the element identified by ``locator``.</doc>
<status status="PASS" start="2025-02-13T08:45:18.793692" elapsed="0.126217"/>
</kw>
<kw name="Sleep" owner="BuiltIn">
<msg time="2025-02-13T08:45:23.921229" level="INFO">Slept 5 seconds.</msg>
<arg>5s</arg>
<doc>Pauses the test executed for the given time.</doc>
<status status="PASS" start="2025-02-13T08:45:18.920472" elapsed="5.001434"/>
</kw>
<kw name="Click Element" owner="SeleniumLibrary">
<msg time="2025-02-13T08:45:23.923202" level="INFO">Clicking element '//*[@id="__next"]/div[4]/div[1]/div/main/div/div/div[3]/div[5]/div[1]/table/tbody/tr[2]/td/div/table/tbody/tr/td[3]/p/div/div/button[2]'.</msg>
<arg>//*[@id="__next"]/div[4]/div[1]/div/main/div/div/div[3]/div[5]/div[1]/table/tbody/tr[2]/td/div/table/tbody/tr/td[3]/p/div/div/button[2]</arg>
<doc>Click the element identified by ``locator``.</doc>
<status status="PASS" start="2025-02-13T08:45:23.922475" elapsed="0.731814"/>
</kw>
<kw name="Sleep" owner="BuiltIn">
<msg time="2025-02-13T08:45:29.655221" level="INFO">Slept 5 seconds.</msg>
<arg>5s</arg>
<doc>Pauses the test executed for the given time.</doc>
<status status="PASS" start="2025-02-13T08:45:24.654585" elapsed="5.000885"/>
</kw>
<kw name="Click Element" owner="SeleniumLibrary">
<msg time="2025-02-13T08:45:29.656434" level="INFO">Clicking element '//*[@id="__next"]/div[4]/div[1]/div/main/div/div/div[3]/div[2]/div/div/div/form/div[3]/div[1]/button'.</msg>
<arg>//*[@id="__next"]/div[4]/div[1]/div/main/div/div/div[3]/div[2]/div/div/div/form/div[3]/div[1]/button</arg>
<doc>Click the element identified by ``locator``.</doc>
<status status="PASS" start="2025-02-13T08:45:29.656017" elapsed="0.507417"/>
</kw>
<kw name="Sleep" owner="BuiltIn">
<msg time="2025-02-13T08:45:33.164946" level="INFO">Slept 3 seconds.</msg>
<arg>3s</arg>
<doc>Pauses the test executed for the given time.</doc>
<status status="PASS" start="2025-02-13T08:45:30.163900" elapsed="3.001264"/>
</kw>
<kw name="Click Element" owner="SeleniumLibrary">
<msg time="2025-02-13T08:45:33.165975" level="INFO">Clicking element '//*[@id="__next"]/div[4]/div[1]/div/main/div/div/div[3]/div[5]/div[1]/table/tbody/tr[2]/td/div/table/tbody/tr/td[3]/p/div/div/button[2]'.</msg>
<arg>//*[@id="__next"]/div[4]/div[1]/div/main/div/div/div[3]/div[5]/div[1]/table/tbody/tr[2]/td/div/table/tbody/tr/td[3]/p/div/div/button[2]</arg>
<doc>Click the element identified by ``locator``.</doc>
<status status="PASS" start="2025-02-13T08:45:33.165525" elapsed="0.201106"/>
</kw>
<kw name="Sleep" owner="BuiltIn">
<msg time="2025-02-13T08:45:38.368354" level="INFO">Slept 5 seconds.</msg>
<arg>5s</arg>
<doc>Pauses the test executed for the given time.</doc>
<status status="PASS" start="2025-02-13T08:45:33.367203" elapsed="5.001491"/>
</kw>
<kw name="Click Element" owner="SeleniumLibrary">
<msg time="2025-02-13T08:45:38.369451" level="INFO">Clicking element '//*[@id="__next"]/div[4]/div[1]/div/main/div/div/div[3]/div[2]/div/div/div/form/div[1]/div/div/div/div/div/div/div[1]/div[2]'.</msg>
<arg>//*[@id="__next"]/div[4]/div[1]/div/main/div/div/div[3]/div[2]/div/div/div/form/div[1]/div/div/div/div/div/div/div[1]/div[2]</arg>
<doc>Click the element identified by ``locator``.</doc>
<status status="PASS" start="2025-02-13T08:45:38.369075" elapsed="0.181517"/>
</kw>
<kw name="Press Keys" owner="SeleniumLibrary">
<msg time="2025-02-13T08:45:38.552455" level="INFO">Sending key(s) ('ENTER',) to page.</msg>
<msg time="2025-02-13T08:45:38.552722" level="INFO">Pressing special key ENTER to browser.</msg>
<msg time="2025-02-13T08:45:38.552914" level="INFO">Releasing special key ENTER.</msg>
<arg>NONE</arg>
<arg>ENTER</arg>
<doc>Simulates the user pressing key(s) to an element or on the active browser.</doc>
<status status="PASS" start="2025-02-13T08:45:38.551201" elapsed="0.056716"/>
</kw>
<kw name="Sleep" owner="BuiltIn">
<msg time="2025-02-13T08:45:41.609511" level="INFO">Slept 3 seconds.</msg>
<arg>3s</arg>
<doc>Pauses the test executed for the given time.</doc>
<status status="PASS" start="2025-02-13T08:45:38.608469" elapsed="3.001342"/>
</kw>
<kw name="Click Element" owner="SeleniumLibrary">
<msg time="2025-02-13T08:45:41.610831" level="INFO">Clicking element '//*[@id="__next"]/div[4]/div[1]/div/main/div/div/div[3]/div[2]/div/div/div/form/div[2]/div/div/div/input'.</msg>
<arg>//*[@id="__next"]/div[4]/div[1]/div/main/div/div/div[3]/div[2]/div/div/div/form/div[2]/div/div/div/input</arg>
<doc>Click the element identified by ``locator``.</doc>
<status status="PASS" start="2025-02-13T08:45:41.610318" elapsed="0.142088"/>
</kw>
<kw name="Press Keys" owner="SeleniumLibrary">
<msg time="2025-02-13T08:45:41.754334" level="INFO">Sending key(s) ('CTRL+A',) to page.</msg>
<msg time="2025-02-13T08:45:41.754578" level="INFO">Pressing special key CONTROL down.</msg>
<msg time="2025-02-13T08:45:41.754767" level="INFO">Sending key A</msg>
<msg time="2025-02-13T08:45:41.754851" level="INFO">Releasing special key CONTROL.</msg>
<arg>NONE</arg>
<arg>CTRL+A</arg>
<doc>Simulates the user pressing key(s) to an element or on the active browser.</doc>
<status status="PASS" start="2025-02-13T08:45:41.753323" elapsed="0.040994"/>
</kw>
<kw name="Press Keys" owner="SeleniumLibrary">
<msg time="2025-02-13T08:45:41.795579" level="INFO">Sending key(s) ('BACKSPACE',) to page.</msg>
<msg time="2025-02-13T08:45:41.795739" level="INFO">Pressing special key BACKSPACE to browser.</msg>
<msg time="2025-02-13T08:45:41.795833" level="INFO">Releasing special key BACKSPACE.</msg>
<arg>NONE</arg>
<arg>BACKSPACE</arg>
<doc>Simulates the user pressing key(s) to an element or on the active browser.</doc>
<status status="PASS" start="2025-02-13T08:45:41.794778" elapsed="0.023417"/>
</kw>
<kw name="Input Text" owner="SeleniumLibrary">
<msg time="2025-02-13T08:45:41.819373" level="INFO">Typing text '52' into text field '//*[@id="__next"]/div[4]/div[1]/div/main/div/div/div[3]/div[2]/div/div/div/form/div[2]/div/div/div/input'.</msg>
<arg>//*[@id="__next"]/div[4]/div[1]/div/main/div/div/div[3]/div[2]/div/div/div/form/div[2]/div/div/div/input</arg>
<arg>${randomQty}</arg>
<doc>Types the given ``text`` into the text field identified by ``locator``.</doc>
<status status="PASS" start="2025-02-13T08:45:41.818711" elapsed="0.197887"/>
</kw>
<kw name="Sleep" owner="BuiltIn">
<msg time="2025-02-13T08:45:45.018573" level="INFO">Slept 3 seconds.</msg>
<arg>3s</arg>
<doc>Pauses the test executed for the given time.</doc>
<status status="PASS" start="2025-02-13T08:45:42.017047" elapsed="3.001814"/>
</kw>
<kw name="Click Element" owner="SeleniumLibrary">
<msg time="2025-02-13T08:45:45.019891" level="INFO">Clicking element '//*[@id="__next"]/div[4]/div[1]/div/main/div/div/div[3]/div[2]/div/div/div/form/div[3]/div[2]/button'.</msg>
<arg>//*[@id="__next"]/div[4]/div[1]/div/main/div/div/div[3]/div[2]/div/div/div/form/div[3]/div[2]/button</arg>
<doc>Click the element identified by ``locator``.</doc>
<status status="PASS" start="2025-02-13T08:45:45.019424" elapsed="0.141332"/>
</kw>
<kw name="Sleep" owner="BuiltIn">
<msg time="2025-02-13T08:45:55.162663" level="INFO">Slept 10 seconds.</msg>
<arg>10s</arg>
<doc>Pauses the test executed for the given time.</doc>
<status status="PASS" start="2025-02-13T08:45:45.161317" elapsed="10.001730"/>
</kw>
<kw name="Click Element" owner="SeleniumLibrary">
<msg time="2025-02-13T08:45:55.164383" level="INFO">Clicking element '//*[@id="__next"]/div[4]/div[1]/div/main/div/div/div[3]/div[5]/div[1]/table/tbody/tr[2]/td/div/table/tbody/tr/td[4]/p/div/div/div/div/div/input'.</msg>
<arg>//*[@id="__next"]/div[4]/div[1]/div/main/div/div/div[3]/div[5]/div[1]/table/tbody/tr[2]/td/div/table/tbody/tr/td[4]/p/div/div/div/div/div/input</arg>
<doc>Click the element identified by ``locator``.</doc>
<status status="PASS" start="2025-02-13T08:45:55.163756" elapsed="0.242231"/>
</kw>
<kw name="Press Keys" owner="SeleniumLibrary">
<msg time="2025-02-13T08:45:55.407898" level="INFO">Sending key(s) ('ENTER',) to page.</msg>
<msg time="2025-02-13T08:45:55.408137" level="INFO">Pressing special key ENTER to browser.</msg>
<msg time="2025-02-13T08:45:55.408258" level="INFO">Releasing special key ENTER.</msg>
<arg>NONE</arg>
<arg>ENTER</arg>
<doc>Simulates the user pressing key(s) to an element or on the active browser.</doc>
<status status="PASS" start="2025-02-13T08:45:55.406732" elapsed="0.045310"/>
</kw>
<kw name="Sleep" owner="BuiltIn">
<msg time="2025-02-13T08:45:58.453233" level="INFO">Slept 3 seconds.</msg>
<arg>3s</arg>
<doc>Pauses the test executed for the given time.</doc>
<status status="PASS" start="2025-02-13T08:45:55.452509" elapsed="3.001151"/>
</kw>
<kw name="Click Element" owner="SeleniumLibrary">
<msg time="2025-02-13T08:45:58.454746" level="INFO">Clicking element '//*[@id="__next"]/div[4]/div[1]/div/main/div/div/div[3]/div[5]/div[1]/table/tbody/tr[1]/td[1]/div/div[1]'.</msg>
<arg>//*[@id="__next"]/div[4]/div[1]/div/main/div/div/div[3]/div[5]/div[1]/table/tbody/tr[1]/td[1]/div/div[1]</arg>
<doc>Click the element identified by ``locator``.</doc>
<status status="PASS" start="2025-02-13T08:45:58.454248" elapsed="0.139854"/>
</kw>
<kw name="Sleep" owner="BuiltIn">
<msg time="2025-02-13T08:46:01.595383" level="INFO">Slept 3 seconds.</msg>
<arg>3s</arg>
<doc>Pauses the test executed for the given time.</doc>
<status status="PASS" start="2025-02-13T08:45:58.594623" elapsed="3.001035"/>
</kw>
<status status="PASS" start="2025-02-13T08:44:49.782933" elapsed="71.813003"/>
</kw>
<status status="PASS" start="2025-02-13T08:44:49.781653" elapsed="71.814422"/>
</kw>
<kw name="And Dashboard Display">
<kw name="Dashboard" owner="keywords">
<kw name="Execute Javascript" owner="SeleniumLibrary">
<msg time="2025-02-13T08:46:01.599446" level="INFO">Executing JavaScript:
window.scroll(0, 750)
Without any arguments.</msg>
<arg>window.scroll(0, 750)</arg>
<doc>Executes the given JavaScript code with possible arguments.</doc>
<status status="PASS" start="2025-02-13T08:46:01.598274" elapsed="0.013092"/>
</kw>
<kw name="Sleep" owner="BuiltIn">
<msg time="2025-02-13T08:46:06.612262" level="INFO">Slept 5 seconds.</msg>
<arg>5s</arg>
<doc>Pauses the test executed for the given time.</doc>
<status status="PASS" start="2025-02-13T08:46:01.611716" elapsed="5.000876"/>
</kw>
<status status="PASS" start="2025-02-13T08:46:01.597700" elapsed="5.015185"/>
</kw>
<status status="PASS" start="2025-02-13T08:46:01.596849" elapsed="5.016314"/>
</kw>
<kw name="And User Click Product View Action">
<kw name="Product View Action" owner="keywords">
<kw name="Click Element" owner="SeleniumLibrary">
<msg time="2025-02-13T08:46:06.615381" level="INFO">Clicking element '//button[contains(text(),'View')]'.</msg>
<arg>//button[contains(text(),'View')]</arg>
<doc>Click the element identified by ``locator``.</doc>
<status status="PASS" start="2025-02-13T08:46:06.614993" elapsed="0.208265"/>
</kw>
<kw name="Sleep" owner="BuiltIn">
<msg time="2025-02-13T08:46:11.824581" level="INFO">Slept 5 seconds.</msg>
<arg>5s</arg>
<doc>Pauses the test executed for the given time.</doc>
<status status="PASS" start="2025-02-13T08:46:06.823746" elapsed="5.001056"/>
</kw>
<status status="PASS" start="2025-02-13T08:46:06.614485" elapsed="5.210593"/>
</kw>
<status status="PASS" start="2025-02-13T08:46:06.613904" elapsed="5.211678"/>
</kw>
<kw name="And User Click Default Prescription">
<kw name="Default Prescription" owner="keywords">
<kw name="Click Element" owner="SeleniumLibrary">
<msg time="2025-02-13T08:46:11.829775" level="INFO">Clicking element '//button[normalize-space()='Default Prescription']'.</msg>
<arg>//button[normalize-space()='Default Prescription']</arg>
<doc>Click the element identified by ``locator``.</doc>
<status status="PASS" start="2025-02-13T08:46:11.829425" elapsed="0.158402"/>
</kw>
<kw name="Sleep" owner="BuiltIn">
<msg time="2025-02-13T08:46:16.989096" level="INFO">Slept 5 seconds.</msg>
<arg>5s</arg>
<doc>Pauses the test executed for the given time.</doc>
<status status="PASS" start="2025-02-13T08:46:11.988417" elapsed="5.000939"/>
</kw>
<kw name="Click Element" owner="SeleniumLibrary">
<msg time="2025-02-13T08:46:16.990396" level="INFO">Clicking element '//button[normalize-space()='Cancel']'.</msg>
<arg>//button[normalize-space()='Cancel']</arg>
<doc>Click the element identified by ``locator``.</doc>
<status status="PASS" start="2025-02-13T08:46:16.989950" elapsed="0.121840"/>
</kw>
<kw name="Sleep" owner="BuiltIn">
<msg time="2025-02-13T08:46:22.113361" level="INFO">Slept 5 seconds.</msg>
<arg>5s</arg>
<doc>Pauses the test executed for the given time.</doc>
<status status="PASS" start="2025-02-13T08:46:17.112255" elapsed="5.001324"/>
</kw>
<kw name="Click Element" owner="SeleniumLibrary">
<msg time="2025-02-13T08:46:22.114363" level="INFO">Clicking element '//button[normalize-space()='Default Prescription']'.</msg>
<arg>//button[normalize-space()='Default Prescription']</arg>
<doc>Click the element identified by ``locator``.</doc>
<status status="PASS" start="2025-02-13T08:46:22.113945" elapsed="0.141634"/>
</kw>
<kw name="Sleep" owner="BuiltIn">
<msg time="2025-02-13T08:46:27.257648" level="INFO">Slept 5 seconds.</msg>
<arg>5s</arg>
<doc>Pauses the test executed for the given time.</doc>
<status status="PASS" start="2025-02-13T08:46:22.256370" elapsed="5.001570"/>
</kw>
<kw name="Click Element" owner="SeleniumLibrary">
<msg time="2025-02-13T08:46:27.258976" level="INFO">Clicking element '//input[@placeholder='Quantity']'.</msg>
<arg>//input[@placeholder='Quantity']</arg>
<doc>Click the element identified by ``locator``.</doc>
<status status="PASS" start="2025-02-13T08:46:27.258465" elapsed="0.150461"/>
</kw>
<kw name="Press Keys" owner="SeleniumLibrary">
<msg time="2025-02-13T08:46:27.409968" level="INFO">Sending key(s) ('CTRL+A',) to page.</msg>
<msg time="2025-02-13T08:46:27.410111" level="INFO">Pressing special key CONTROL down.</msg>
<msg time="2025-02-13T08:46:27.410168" level="INFO">Sending key A</msg>
<msg time="2025-02-13T08:46:27.410218" level="INFO">Releasing special key CONTROL.</msg>
<arg>NONE</arg>
<arg>CTRL+A</arg>
<doc>Simulates the user pressing key(s) to an element or on the active browser.</doc>
<status status="PASS" start="2025-02-13T08:46:27.409334" elapsed="0.026990"/>
</kw>
[...]
</kw>
<kw name="Input Text" owner="SeleniumLibrary">
<msg time="2025-02-13T09:13:46.382959" level="INFO">Typing text 'hwhite@example.com' into text field '//input[@placeholder='name@example.com']'.</msg>
<arg>//input[@placeholder='name@example.com']</arg>
<arg>${email}</arg>
<doc>Types the given ``text`` into the text field identified by ``locator``.</doc>
<status status="PASS" start="2025-02-13T09:13:46.382361" elapsed="0.207626"/>
</kw>
<kw name="Sleep" owner="BuiltIn">
<msg time="2025-02-13T09:13:49.591116" level="INFO">Slept 3 seconds.</msg>
<arg>3s</arg>
<doc>Pauses the test executed for the given time.</doc>
<status status="PASS" start="2025-02-13T09:13:46.590370" elapsed="3.001042"/>
</kw>
<kw name="Click Element" owner="SeleniumLibrary">
<msg time="2025-02-13T09:13:49.592666" level="INFO">Clicking element '//*[@id="__next"]/div[4]/div[1]/div/main/div/dialog/aside/form/div/div[2]/div/div[1]/div[5]/div[1]/input'.</msg>
<arg>//*[@id="__next"]/div[4]/div[1]/div/main/div/dialog/aside/form/div/div[2]/div/div[1]/div[5]/div[1]/input</arg>
<doc>Click the element identified by ``locator``.</doc>
<status status="PASS" start="2025-02-13T09:13:49.591923" elapsed="0.133103"/>
</kw>
<kw name="Press Keys" owner="SeleniumLibrary">
<msg time="2025-02-13T09:13:49.726705" level="INFO">Sending key(s) ('CTRL+A',) to page.</msg>
<msg time="2025-02-13T09:13:49.726897" level="INFO">Pressing special key CONTROL down.</msg>
<msg time="2025-02-13T09:13:49.726988" level="INFO">Sending key A</msg>
<msg time="2025-02-13T09:13:49.727076" level="INFO">Releasing special key CONTROL.</msg>
<arg>NONE</arg>
<arg>CTRL+A</arg>
<doc>Simulates the user pressing key(s) to an element or on the active browser.</doc>
<status status="PASS" start="2025-02-13T09:13:49.725702" elapsed="0.029470"/>
</kw>
<kw name="Press Keys" owner="SeleniumLibrary">
<msg time="2025-02-13T09:13:49.757331" level="INFO">Sending key(s) ('BACKSPACE',) to page.</msg>
<msg time="2025-02-13T09:13:49.757549" level="INFO">Pressing special key BACKSPACE to browser.</msg>
<msg time="2025-02-13T09:13:49.757681" level="INFO">Releasing special key BACKSPACE.</msg>
<arg>NONE</arg>
<arg>BACKSPACE</arg>
<doc>Simulates the user pressing key(s) to an element or on the active browser.</doc>
<status status="PASS" start="2025-02-13T09:13:49.756034" elapsed="0.023861"/>
</kw>
<kw name="Input Text" owner="SeleniumLibrary">
<msg time="2025-02-13T09:13:49.781372" level="INFO">Typing text 'Ph@rm@cyP@s$w0rd!123' into text field '//*[@id="__next"]/div[4]/div[1]/div/main/div/dialog/aside/form/div/div[2]/div/div[1]/div[5]/div[1]/input'.</msg>
<arg>//*[@id="__next"]/div[4]/div[1]/div/main/div/dialog/aside/form/div/div[2]/div/div[1]/div[5]/div[1]/input</arg>
<arg>${password}</arg>
<doc>Types the given ``text`` into the text field identified by ``locator``.</doc>
<status status="PASS" start="2025-02-13T09:13:49.780471" elapsed="0.182593"/>
</kw>
<kw name="Sleep" owner="BuiltIn">
<msg time="2025-02-13T09:13:52.964479" level="INFO">Slept 3 seconds.</msg>
<arg>3s</arg>
<doc>Pauses the test executed for the given time.</doc>
<status status="PASS" start="2025-02-13T09:13:49.963671" elapsed="3.001121"/>
</kw>
<kw name="Click Element" owner="SeleniumLibrary">
<msg time="2025-02-13T09:13:52.966262" level="INFO">Clicking element '//*[@id="__next"]/div[4]/div[1]/div/main/div/dialog/aside/form/div/div[2]/div/div[1]/div[5]/div[2]/input'.</msg>
<arg>//*[@id="__next"]/div[4]/div[1]/div/main/div/dialog/aside/form/div/div[2]/div/div[1]/div[5]/div[2]/input</arg>
<doc>Click the element identified by ``locator``.</doc>
<status status="PASS" start="2025-02-13T09:13:52.965706" elapsed="0.116543"/>
</kw>
<kw name="Press Keys" owner="SeleniumLibrary">
<msg time="2025-02-13T09:13:53.100007" level="INFO">Sending key(s) ('CTRL+A',) to page.</msg>
<msg time="2025-02-13T09:13:53.100601" level="INFO">Pressing special key CONTROL down.</msg>
<msg time="2025-02-13T09:13:53.100791" level="INFO">Sending key A</msg>
<msg time="2025-02-13T09:13:53.100913" level="INFO">Releasing special key CONTROL.</msg>
<arg>NONE</arg>
<arg>CTRL+A</arg>
<doc>Simulates the user pressing key(s) to an element or on the active browser.</doc>
<status status="PASS" start="2025-02-13T09:13:53.082609" elapsed="0.047969"/>
</kw>
<kw name="Press Keys" owner="SeleniumLibrary">
<msg time="2025-02-13T09:13:53.132169" level="INFO">Sending key(s) ('BACKSPACE',) to page.</msg>
<msg time="2025-02-13T09:13:53.132438" level="INFO">Pressing special key BACKSPACE to browser.</msg>
<msg time="2025-02-13T09:13:53.132554" level="INFO">Releasing special key BACKSPACE.</msg>
<arg>NONE</arg>
<arg>BACKSPACE</arg>
<doc>Simulates the user pressing key(s) to an element or on the active browser.</doc>
<status status="PASS" start="2025-02-13T09:13:53.131095" elapsed="0.016008"/>
</kw>
<kw name="Input Text" owner="SeleniumLibrary">
<msg time="2025-02-13T09:13:53.148046" level="INFO">Typing text '123123' into text field '//*[@id="__next"]/div[4]/div[1]/div/main/div/dialog/aside/form/div/div[2]/div/div[1]/div[5]/div[2]/input'.</msg>
<arg>//*[@id="__next"]/div[4]/div[1]/div/main/div/dialog/aside/form/div/div[2]/div/div[1]/div[5]/div[2]/input</arg>
<arg>${staffPassword}</arg>
<doc>Types the given ``text`` into the text field identified by ``locator``.</doc>
<status status="PASS" start="2025-02-13T09:13:53.147523" elapsed="0.138722"/>
</kw>
<kw name="Sleep" owner="BuiltIn">
<msg time="2025-02-13T09:13:56.287213" level="INFO">Slept 3 seconds.</msg>
<arg>3s</arg>
<doc>Pauses the test executed for the given time.</doc>
<status status="PASS" start="2025-02-13T09:13:53.286668" elapsed="3.000801"/>
</kw>
<kw name="Click Element" owner="SeleniumLibrary">
<msg time="2025-02-13T09:13:56.288394" level="INFO">Clicking element '//*[@id="__next"]/div[4]/div[1]/div/main/div/dialog/aside/form/div/div[2]/div/div[2]/div/button[1]'.</msg>
<arg>//*[@id="__next"]/div[4]/div[1]/div/main/div/dialog/aside/form/div/div[2]/div/div[2]/div/button[1]</arg>
<doc>Click the element identified by ``locator``.</doc>
<status status="PASS" start="2025-02-13T09:13:56.287948" elapsed="0.156949"/>
</kw>
<kw name="Sleep" owner="BuiltIn">
<msg time="2025-02-13T09:14:06.446367" level="INFO">Slept 10 seconds.</msg>
<arg>10s</arg>
<doc>Pauses the test executed for the given time.</doc>
<status status="PASS" start="2025-02-13T09:13:56.445445" elapsed="10.001192"/>
</kw>
<kw name="Click Element" owner="SeleniumLibrary">
<msg time="2025-02-13T09:14:06.447585" level="INFO">Clicking element '(//div[contains(@data-tip,'Remove')])[1]'.</msg>
<arg>(//div[contains(@data-tip,'Remove')])[1]</arg>
<doc>Click the element identified by ``locator``.</doc>
<status status="PASS" start="2025-02-13T09:14:06.447076" elapsed="0.148858"/>
</kw>
<kw name="Sleep" owner="BuiltIn">
<msg time="2025-02-13T09:14:09.597701" level="INFO">Slept 3 seconds.</msg>
<arg>3s</arg>
<doc>Pauses the test executed for the given time.</doc>
<status status="PASS" start="2025-02-13T09:14:06.596542" elapsed="3.001469"/>
</kw>
<kw name="Click Element" owner="SeleniumLibrary">
<msg time="2025-02-13T09:14:09.598932" level="INFO">Clicking element '//button[normalize-space()='Cancel']'.</msg>
<arg>//button[normalize-space()='Cancel']</arg>
<doc>Click the element identified by ``locator``.</doc>
<status status="PASS" start="2025-02-13T09:14:09.598478" elapsed="0.134367"/>
</kw>
<kw name="Sleep" owner="BuiltIn">
<msg time="2025-02-13T09:14:12.734410" level="INFO">Slept 3 seconds.</msg>
<arg>3s</arg>
<doc>Pauses the test executed for the given time.</doc>
<status status="PASS" start="2025-02-13T09:14:09.733274" elapsed="3.001386"/>
</kw>
<status status="PASS" start="2025-02-13T09:11:02.346338" elapsed="190.389065"/>
</kw>
<status status="PASS" start="2025-02-13T09:11:02.343818" elapsed="190.391978"/>
</kw>
<kw name="And User Click Reports Page">
<kw name="Reports Page" owner="keywords">
<kw name="Click Element" owner="SeleniumLibrary">
<msg time="2025-02-13T09:14:12.760080" level="INFO">Clicking element '//*[@id="__next"]/div[4]/div[1]/aside/nav/ul[1]/li[6]/a/div'.</msg>
<arg>//*[@id="__next"]/div[4]/div[1]/aside/nav/ul[1]/li[6]/a/div</arg>
<doc>Click the element identified by ``locator``.</doc>
<status status="PASS" start="2025-02-13T09:14:12.759596" elapsed="0.184096"/>
</kw>
<kw name="Sleep" owner="BuiltIn">
<msg time="2025-02-13T09:14:15.945463" level="INFO">Slept 3 seconds.</msg>
<arg>3s</arg>
<doc>Pauses the test executed for the given time.</doc>
<status status="PASS" start="2025-02-13T09:14:12.944287" elapsed="3.001514"/>
</kw>
<kw name="Scroll Element Into View" owner="SeleniumLibrary">
<arg>//*[@id="__next"]/div[4]/div[1]/div/main/div/div/div[9]/div[1]/div[2]/div[3]/div[5]</arg>
<doc>Scrolls the element identified by ``locator`` into view.</doc>
<status status="PASS" start="2025-02-13T09:14:15.946338" elapsed="0.326163"/>
</kw>
<kw name="Sleep" owner="BuiltIn">
<msg time="2025-02-13T09:14:21.304143" level="INFO">Slept 5 seconds.</msg>
<arg>5s</arg>
<doc>Pauses the test executed for the given time.</doc>
<status status="PASS" start="2025-02-13T09:14:16.272967" elapsed="5.032781"/>
</kw>
<kw name="Execute Javascript" owner="SeleniumLibrary">
<msg time="2025-02-13T09:14:21.317648" level="INFO">Executing JavaScript:
window.scroll(1000, 0)
Without any arguments.</msg>
<arg>window.scroll(1000, 0)</arg>
<doc>Executes the given JavaScript code with possible arguments.</doc>
<status status="PASS" start="2025-02-13T09:14:21.306726" elapsed="0.038436"/>
</kw>
<kw name="Sleep" owner="BuiltIn">
<msg time="2025-02-13T09:14:26.346195" level="INFO">Slept 5 seconds.</msg>
<arg>5s</arg>
<doc>Pauses the test executed for the given time.</doc>
<status status="PASS" start="2025-02-13T09:14:21.345566" elapsed="5.000880"/>
</kw>
<status status="PASS" start="2025-02-13T09:14:12.759062" elapsed="13.587626"/>
</kw>
<status status="PASS" start="2025-02-13T09:14:12.757439" elapsed="13.589410"/>
</kw>
<kw name="And User Click Journals Page">
<kw name="Journals Page" owner="keywords">
<kw name="Click Element" owner="SeleniumLibrary">
<msg time="2025-02-13T09:14:26.350243" level="INFO">Clicking element '(//div[@class='flex pl-9 pb-[26px] cursor-pointer'])[7]'.</msg>
<arg>(//div[@class='flex pl-9 pb-[26px] cursor-pointer'])[7]</arg>
<doc>Click the element identified by ``locator``.</doc>
<status status="PASS" start="2025-02-13T09:14:26.349783" elapsed="0.165466"/>
</kw>
<kw name="Sleep" owner="BuiltIn">
<msg time="2025-02-13T09:14:29.517052" level="INFO">Slept 3 seconds.</msg>
<arg>3s</arg>
<doc>Pauses the test executed for the given time.</doc>
<status status="PASS" start="2025-02-13T09:14:26.515981" elapsed="3.001337"/>
</kw>
<status status="PASS" start="2025-02-13T09:14:26.349268" elapsed="3.168284"/>
</kw>
<status status="PASS" start="2025-02-13T09:14:26.348475" elapsed="3.169224"/>
</kw>
<kw name="And User Click Activity Logs">
<kw name="Activity Logs" owner="keywords">
<kw name="Click Element" owner="SeleniumLibrary">
<msg time="2025-02-13T09:14:29.520461" level="INFO">Clicking element '//*[@id="__next"]/div[4]/div[1]/aside/nav/ul[1]/li[8]/a/div'.</msg>
<arg>//*[@id="__next"]/div[4]/div[1]/aside/nav/ul[1]/li[8]/a/div</arg>
<doc>Click the element identified by ``locator``.</doc>
<status status="PASS" start="2025-02-13T09:14:29.520071" elapsed="0.170762"/>
</kw>
<kw name="Sleep" owner="BuiltIn">
<msg time="2025-02-13T09:14:34.692282" level="INFO">Slept 5 seconds.</msg>
<arg>5s</arg>
<doc>Pauses the test executed for the given time.</doc>
<status status="PASS" start="2025-02-13T09:14:29.691547" elapsed="5.001018"/>
</kw>
<kw name="Scroll Element Into View" owner="SeleniumLibrary">
<arg>//*[@id="__next"]/div[4]/div[1]/div/main/div/div/div[2]/div[1]/div</arg>
<doc>Scrolls the element identified by ``locator`` into view.</doc>
<status status="PASS" start="2025-02-13T09:14:34.693079" elapsed="0.318273"/>
</kw>
<kw name="Sleep" owner="BuiltIn">
<msg time="2025-02-13T09:14:40.012560" level="INFO">Slept 5 seconds.</msg>
<arg>5s</arg>
<doc>Pauses the test executed for the given time.</doc>
<status status="PASS" start="2025-02-13T09:14:35.011724" elapsed="5.001062"/>
</kw>
<kw name="Execute Javascript" owner="SeleniumLibrary">
<msg time="2025-02-13T09:14:40.013968" level="INFO">Executing JavaScript:
window.scroll(2000, 0)
Without any arguments.</msg>
<arg>window.scroll(2000, 0)</arg>
<doc>Executes the given JavaScript code with possible arguments.</doc>
<status status="PASS" start="2025-02-13T09:14:40.013152" elapsed="0.009931"/>
</kw>
<kw name="Sleep" owner="BuiltIn">
<msg time="2025-02-13T09:14:45.034184" level="INFO">Slept 5 seconds.</msg>
<arg>5s</arg>
<doc>Pauses the test executed for the given time.</doc>
<status status="PASS" start="2025-02-13T09:14:40.032842" elapsed="5.001626"/>
</kw>
<status status="PASS" start="2025-02-13T09:14:29.519544" elapsed="15.515255"/>
</kw>
<status status="PASS" start="2025-02-13T09:14:29.518646" elapsed="15.516375"/>
</kw>
<kw name="And User Click Settings Page">
<kw name="Settings Page" owner="keywords">
<kw name="Click Element" owner="SeleniumLibrary">
<msg time="2025-02-13T09:14:45.037810" level="INFO">Clicking element '//*[@id="__next"]/div[4]/div[1]/aside/nav/ul[1]/li[9]/a/div'.</msg>
<arg>//*[@id="__next"]/div[4]/div[1]/aside/nav/ul[1]/li[9]/a/div</arg>
<doc>Click the element identified by ``locator``.</doc>
<status status="PASS" start="2025-02-13T09:14:45.037522" elapsed="0.132668"/>
</kw>
<kw name="Sleep" owner="BuiltIn">
<msg time="2025-02-13T09:14:50.172126" level="INFO">Slept 5 seconds.</msg>
<arg>5s</arg>
<doc>Pauses the test executed for the given time.</doc>
<status status="PASS" start="2025-02-13T09:14:45.171388" elapsed="5.001021"/>
</kw>
<kw name="Input Text" owner="SeleniumLibrary">
<msg time="2025-02-13T09:14:50.173420" level="INFO">Typing text 'Ph@rm@cyP@s$w0rd!123' into text field '//*[@id="__next"]/div[4]/div[1]/div/main/div/div/div[2]/div[2]/div/div[1]/input'.</msg>
<arg>//*[@id="__next"]/div[4]/div[1]/div/main/div/div/div[2]/div[2]/div/div[1]/input</arg>
<arg>${password}</arg>
<doc>Types the given ``text`` into the text field identified by ``locator``.</doc>
<status status="PASS" start="2025-02-13T09:14:50.172906" elapsed="0.212633"/>
</kw>
<kw name="Sleep" owner="BuiltIn">
<msg time="2025-02-13T09:14:55.387035" level="INFO">Slept 5 seconds.</msg>
<arg>5s</arg>
<doc>Pauses the test executed for the given time.</doc>
<status status="PASS" start="2025-02-13T09:14:50.386074" elapsed="5.001246"/>
</kw>
<kw name="Input Text" owner="SeleniumLibrary">
<msg time="2025-02-13T09:14:55.388378" level="INFO">Typing text 'Ph@rm@cyP@s$w0rd!123' into text field '//*[@id="__next"]/div[4]/div[1]/div/main/div/div/div[2]/div[2]/div/div[2]/input'.</msg>
<arg>//*[@id="__next"]/div[4]/div[1]/div/main/div/div/div[2]/div[2]/div/div[2]/input</arg>
<arg>${password}</arg>
<doc>Types the given ``text`` into the text field identified by ``locator``.</doc>
<status status="PASS" start="2025-02-13T09:14:55.387811" elapsed="0.216387"/>
</kw>
<kw name="Sleep" owner="BuiltIn">
<msg time="2025-02-13T09:15:00.605586" level="INFO">Slept 5 seconds.</msg>
<arg>5s</arg>
<doc>Pauses the test executed for the given time.</doc>
<status status="PASS" start="2025-02-13T09:14:55.604622" elapsed="5.001262"/>
</kw>
<kw name="Click Element" owner="SeleniumLibrary">
<msg time="2025-02-13T09:15:00.606893" level="INFO">Clicking element '(//*[name()='svg'][@stroke='currentColor'])[11]'.</msg>
<arg>(//*[name()='svg'][@stroke='currentColor'])[11]</arg>
<doc>Click the element identified by ``locator``.</doc>
<status status="PASS" start="2025-02-13T09:15:00.606347" elapsed="0.178114"/>
</kw>
<kw name="Sleep" owner="BuiltIn">
<msg time="2025-02-13T09:15:03.785955" level="INFO">Slept 3 seconds.</msg>
<arg>3s</arg>
<doc>Pauses the test executed for the given time.</doc>
<status status="PASS" start="2025-02-13T09:15:00.785061" elapsed="3.001149"/>
</kw>
<kw name="Click Element" owner="SeleniumLibrary">
<msg time="2025-02-13T09:15:03.787073" level="INFO">Clicking element '(//*[name()='svg'][contains(@stroke,'currentColor')])[13]'.</msg>
<arg>(//*[name()='svg'][contains(@stroke,'currentColor')])[13]</arg>
<doc>Click the element identified by ``locator``.</doc>
<status status="PASS" start="2025-02-13T09:15:03.786661" elapsed="0.118883"/>
</kw>
<kw name="Sleep" owner="BuiltIn">
<msg time="2025-02-13T09:15:06.907068" level="INFO">Slept 3 seconds.</msg>
<arg>3s</arg>
<doc>Pauses the test executed for the given time.</doc>
<status status="PASS" start="2025-02-13T09:15:03.905980" elapsed="3.001393"/>
</kw>
<kw name="Click Element" owner="SeleniumLibrary">
<msg time="2025-02-13T09:15:06.908446" level="INFO">Clicking element '(//*[name()='svg'][@stroke='currentColor'])[11]'.</msg>
<arg>(//*[name()='svg'][@stroke='currentColor'])[11]</arg>
<doc>Click the element identified by ``locator``.</doc>
<status status="PASS" start="2025-02-13T09:15:06.908005" elapsed="0.102376"/>
</kw>
<kw name="Sleep" owner="BuiltIn">
<msg time="2025-02-13T09:15:10.011563" level="INFO">Slept 3 seconds.</msg>
<arg>3s</arg>
<doc>Pauses the test executed for the given time.</doc>
<status status="PASS" start="2025-02-13T09:15:07.010806" elapsed="3.001082"/>
</kw>
<kw name="Click Element" owner="SeleniumLibrary">
<msg time="2025-02-13T09:15:10.013215" level="INFO">Clicking element '(//*[name()='svg'][contains(@stroke,'currentColor')])[13]'.</msg>
<arg>(//*[name()='svg'][contains(@stroke,'currentColor')])[13]</arg>
<doc>Click the element identified by ``locator``.</doc>
<status status="PASS" start="2025-02-13T09:15:10.012590" elapsed="0.109451"/>
</kw>
<kw name="Sleep" owner="BuiltIn">
<msg time="2025-02-13T09:15:13.123465" level="INFO">Slept 3 seconds.</msg>
<arg>3s</arg>
<doc>Pauses the test executed for the given time.</doc>
<status status="PASS" start="2025-02-13T09:15:10.122591" elapsed="3.001167"/>
</kw>
<kw name="Click Element" owner="SeleniumLibrary">
<msg time="2025-02-13T09:15:13.124854" level="INFO">Clicking element '(//button[contains(@type,'button')][normalize-space()='Save'])[2]'.</msg>
<arg>(//button[contains(@type,'button')][normalize-space()='Save'])[2]</arg>
<doc>Click the element identified by ``locator``.</doc>
<status status="PASS" start="2025-02-13T09:15:13.124249" elapsed="0.117710"/>
</kw>
<kw name="Sleep" owner="BuiltIn">
<msg time="2025-02-13T09:15:23.243513" level="INFO">Slept 10 seconds.</msg>
<arg>10s</arg>
<doc>Pauses the test executed for the given time.</doc>
<status status="PASS" start="2025-02-13T09:15:13.242467" elapsed="10.001322"/>
</kw>
<status status="PASS" start="2025-02-13T09:14:45.037066" elapsed="38.207244"/>
</kw>
<status status="PASS" start="2025-02-13T09:14:45.036008" elapsed="38.208522"/>
</kw>
<kw name="And User Click Signout">
<kw name="Signout" owner="keywords">
<kw name="Click Element" owner="SeleniumLibrary">
<msg time="2025-02-13T09:15:23.247122" level="INFO">Clicking element '//*[@id="__next"]/div[4]/div[1]/aside/nav/ul[2]'.</msg>
<arg>//*[@id="__next"]/div[4]/div[1]/aside/nav/ul[2]</arg>
<doc>Click the element identified by ``locator``.</doc>
<status status="PASS" start="2025-02-13T09:15:23.246734" elapsed="0.111123"/>
</kw>
<kw name="Sleep" owner="BuiltIn">
<msg time="2025-02-13T09:15:33.359155" level="INFO">Slept 10 seconds.</msg>
<arg>10s</arg>
<doc>Pauses the test executed for the given time.</doc>
<status status="PASS" start="2025-02-13T09:15:23.358218" elapsed="10.001313"/>
</kw>
<status status="PASS" start="2025-02-13T09:15:23.246291" elapsed="10.113639"/>
</kw>
<status status="PASS" start="2025-02-13T09:15:23.245473" elapsed="10.114934"/>
</kw>
<status status="PASS" start="2025-02-13T08:40:06.524574" elapsed="2126.849987"/>
</test>
<status status="PASS" start="2025-02-13T08:40:04.646655" elapsed="2128.745047"/>
</suite>
<statistics>
<total>
<stat pass="1" fail="0" skip="0">All Tests</stat>
</total>
<tag>
</tag>
<suite>
<stat pass="1" fail="0" skip="0" id="s1" name="Pharmacy">Pharmacy</stat>
</suite>
</statistics>
<errors>
</errors>
</robot>
